<?xml version="1.0" encoding="UTF-8"?>
<!-- Generated by org.testng.reporters.JUnitXMLReporter -->
<testsuite ignored="0" hostname="SHUBHAM" failures="9" tests="16" name="Test" time="2879.115" errors="0" timestamp="2023-09-21T12:12:56 IST">
  <testcase classname="ajalaXchangeB2C.FlightBooking" name="ajalaB2Cforflight" time="207.354"/>
  <testcase classname="ajalaXchangeB2C.FlightBooking" name="ajalaB2Cforflight" time="206.366"/>
  <testcase classname="ajalaXchangeB2C.FlightBooking" name="ajalaB2Cforflight" time="187.717"/>
  <testcase classname="ajalaXchangeB2C.FlightBooking" name="ajalaB2Cforflight" time="75.427">
    <failure type="org.openqa.selenium.NoSuchElementException" message="no such element: Unable to locate element: {&amp;quot;method&amp;quot;:&amp;quot;xpath&amp;quot;,&amp;quot;selector&amp;quot;:&amp;quot;/html/body/div[1]/div[2]/div/section/div[2]/div[2]/div/div/div[2]/div/div/div[1]/div/div[1]/div[3]/div[2]/a&amp;quot;}
  (Session info: chrome=117.0.5938.88)
For documentation on this error, please visit: https://selenium.dev/exceptions/#no_such_element
Build info: version: &amp;apos;4.1.4&amp;apos;, revision: &amp;apos;535d840ee2&amp;apos;
System info: host: &amp;apos;SHUBHAM&amp;apos;, ip: &amp;apos;192.168.111.145&amp;apos;, os.name: &amp;apos;Windows 10&amp;apos;, os.arch: &amp;apos;amd64&amp;apos;, os.version: &amp;apos;10.0&amp;apos;, java.version: &amp;apos;17.0.1&amp;apos;
Driver info: org.openqa.selenium.chrome.ChromeDriver
Command: [b8a546067f85fb35ac0105418d72fb79, findElement {using=xpath, value=/html/body/div[1]/div[2]/div/section/div[2]/div[2]/div/div/div[2]/div/div/div[1]/div/div[1]/div[3]/div[2]/a}]
Capabilities {acceptInsecureCerts: false, browserName: chrome, browserVersion: 117.0.5938.88, chrome: {chromedriverVersion: 116.0.5845.96 (1a3918166880..., userDataDir: C:\Users\SHUBHA~1.NAT\AppDa...}, fedcm:accounts: true, goog:chromeOptions: {debuggerAddress: localhost:64128}, javascriptEnabled: true, networkConnectionEnabled: false, pageLoadStrategy: normal, platform: WINDOWS, platformName: WINDOWS, proxy: Proxy(), se:cdp: ws://localhost:64128/devtoo..., se:cdpVersion: 117.0.5938.88, setWindowRect: true, strictFileInteractability: false, timeouts: {implicit: 0, pageLoad: 300000, script: 30000}, unhandledPromptBehavior: dismiss and notify, webauthn:extension:credBlob: true, webauthn:extension:largeBlob: true, webauthn:extension:minPinLength: true, webauthn:extension:prf: true, webauthn:virtualAuthenticators: true}
Session ID: b8a546067f85fb35ac0105418d72fb79">
      <![CDATA[org.openqa.selenium.NoSuchElementException: no such element: Unable to locate element: {"method":"xpath","selector":"/html/body/div[1]/div[2]/div/section/div[2]/div[2]/div/div/div[2]/div/div/div[1]/div/div[1]/div[3]/div[2]/a"}
  (Session info: chrome=117.0.5938.88)
For documentation on this error, please visit: https://selenium.dev/exceptions/#no_such_element
Build info: version: '4.1.4', revision: '535d840ee2'
System info: host: 'SHUBHAM', ip: '192.168.111.145', os.name: 'Windows 10', os.arch: 'amd64', os.version: '10.0', java.version: '17.0.1'
Driver info: org.openqa.selenium.chrome.ChromeDriver
Command: [b8a546067f85fb35ac0105418d72fb79, findElement {using=xpath, value=/html/body/div[1]/div[2]/div/section/div[2]/div[2]/div/div/div[2]/div/div/div[1]/div/div[1]/div[3]/div[2]/a}]
Capabilities {acceptInsecureCerts: false, browserName: chrome, browserVersion: 117.0.5938.88, chrome: {chromedriverVersion: 116.0.5845.96 (1a3918166880..., userDataDir: C:\Users\SHUBHA~1.NAT\AppDa...}, fedcm:accounts: true, goog:chromeOptions: {debuggerAddress: localhost:64128}, javascriptEnabled: true, networkConnectionEnabled: false, pageLoadStrategy: normal, platform: WINDOWS, platformName: WINDOWS, proxy: Proxy(), se:cdp: ws://localhost:64128/devtoo..., se:cdpVersion: 117.0.5938.88, setWindowRect: true, strictFileInteractability: false, timeouts: {implicit: 0, pageLoad: 300000, script: 30000}, unhandledPromptBehavior: dismiss and notify, webauthn:extension:credBlob: true, webauthn:extension:largeBlob: true, webauthn:extension:minPinLength: true, webauthn:extension:prf: true, webauthn:virtualAuthenticators: true}
Session ID: b8a546067f85fb35ac0105418d72fb79
at org.openqa.selenium.remote.codec.w3c.W3CHttpResponseCodec.createException(W3CHttpResponseCodec.java:200)
at org.openqa.selenium.remote.codec.w3c.W3CHttpResponseCodec.decode(W3CHttpResponseCodec.java:133)
at org.openqa.selenium.remote.codec.w3c.W3CHttpResponseCodec.decode(W3CHttpResponseCodec.java:53)
at org.openqa.selenium.remote.HttpCommandExecutor.execute(HttpCommandExecutor.java:184)
at org.openqa.selenium.remote.service.DriverCommandExecutor.invokeExecute(DriverCommandExecutor.java:167)
at org.openqa.selenium.remote.service.DriverCommandExecutor.execute(DriverCommandExecutor.java:142)
at org.openqa.selenium.remote.RemoteWebDriver.execute(RemoteWebDriver.java:567)
at org.openqa.selenium.remote.ElementLocation$ElementFinder$2.findElement(ElementLocation.java:162)
at org.openqa.selenium.remote.ElementLocation.findElement(ElementLocation.java:60)
at org.openqa.selenium.remote.RemoteWebDriver.findElement(RemoteWebDriver.java:385)
at org.openqa.selenium.remote.RemoteWebDriver.findElement(RemoteWebDriver.java:377)
at utilities.QaRobot.getLocator(QaRobot.java:52)
at utilities.QaRobot.getWebElement(QaRobot.java:82)
at utilities.QaRobot.ClickOnElement(QaRobot.java:106)
at ajalaXchangeB2C.B2cResultPage.ResultPageForFlight(B2cResultPage.java:332)
at ajalaXchangeB2C.FlightBooking.ajalaB2Cforflight(FlightBooking.java:82)
at java.base/java.util.ArrayList.forEach(ArrayList.java:1511)
... Removed 32 stack frames]]>
    </failure>
  </testcase> <!-- ajalaB2Cforflight -->
  <testcase classname="ajalaXchangeB2C.FlightBooking" name="ajalaB2Cforflight" time="101.013">
    <failure type="org.openqa.selenium.NoSuchElementException" message="no such element: Unable to locate element: {&amp;quot;method&amp;quot;:&amp;quot;xpath&amp;quot;,&amp;quot;selector&amp;quot;:&amp;quot;(//a[@class=&amp;apos;flght-itnry ng-binding&amp;apos;])[1]&amp;quot;}
  (Session info: chrome=117.0.5938.88)
For documentation on this error, please visit: https://selenium.dev/exceptions/#no_such_element
Build info: version: &amp;apos;4.1.4&amp;apos;, revision: &amp;apos;535d840ee2&amp;apos;
System info: host: &amp;apos;SHUBHAM&amp;apos;, ip: &amp;apos;192.168.111.145&amp;apos;, os.name: &amp;apos;Windows 10&amp;apos;, os.arch: &amp;apos;amd64&amp;apos;, os.version: &amp;apos;10.0&amp;apos;, java.version: &amp;apos;17.0.1&amp;apos;
Driver info: org.openqa.selenium.chrome.ChromeDriver
Command: [ae9a9907a068a731cde4349261227537, findElement {using=xpath, value=(//a[@class=&amp;apos;flght-itnry ng-binding&amp;apos;])[1]}]
Capabilities {acceptInsecureCerts: false, browserName: chrome, browserVersion: 117.0.5938.88, chrome: {chromedriverVersion: 116.0.5845.96 (1a3918166880..., userDataDir: C:\Users\SHUBHA~1.NAT\AppDa...}, fedcm:accounts: true, goog:chromeOptions: {debuggerAddress: localhost:64180}, javascriptEnabled: true, networkConnectionEnabled: false, pageLoadStrategy: normal, platform: WINDOWS, platformName: WINDOWS, proxy: Proxy(), se:cdp: ws://localhost:64180/devtoo..., se:cdpVersion: 117.0.5938.88, setWindowRect: true, strictFileInteractability: false, timeouts: {implicit: 0, pageLoad: 300000, script: 30000}, unhandledPromptBehavior: dismiss and notify, webauthn:extension:credBlob: true, webauthn:extension:largeBlob: true, webauthn:extension:minPinLength: true, webauthn:extension:prf: true, webauthn:virtualAuthenticators: true}
Session ID: ae9a9907a068a731cde4349261227537">
      <![CDATA[org.openqa.selenium.NoSuchElementException: no such element: Unable to locate element: {"method":"xpath","selector":"(//a[@class='flght-itnry ng-binding'])[1]"}
  (Session info: chrome=117.0.5938.88)
For documentation on this error, please visit: https://selenium.dev/exceptions/#no_such_element
Build info: version: '4.1.4', revision: '535d840ee2'
System info: host: 'SHUBHAM', ip: '192.168.111.145', os.name: 'Windows 10', os.arch: 'amd64', os.version: '10.0', java.version: '17.0.1'
Driver info: org.openqa.selenium.chrome.ChromeDriver
Command: [ae9a9907a068a731cde4349261227537, findElement {using=xpath, value=(//a[@class='flght-itnry ng-binding'])[1]}]
Capabilities {acceptInsecureCerts: false, browserName: chrome, browserVersion: 117.0.5938.88, chrome: {chromedriverVersion: 116.0.5845.96 (1a3918166880..., userDataDir: C:\Users\SHUBHA~1.NAT\AppDa...}, fedcm:accounts: true, goog:chromeOptions: {debuggerAddress: localhost:64180}, javascriptEnabled: true, networkConnectionEnabled: false, pageLoadStrategy: normal, platform: WINDOWS, platformName: WINDOWS, proxy: Proxy(), se:cdp: ws://localhost:64180/devtoo..., se:cdpVersion: 117.0.5938.88, setWindowRect: true, strictFileInteractability: false, timeouts: {implicit: 0, pageLoad: 300000, script: 30000}, unhandledPromptBehavior: dismiss and notify, webauthn:extension:credBlob: true, webauthn:extension:largeBlob: true, webauthn:extension:minPinLength: true, webauthn:extension:prf: true, webauthn:virtualAuthenticators: true}
Session ID: ae9a9907a068a731cde4349261227537
at org.openqa.selenium.remote.codec.w3c.W3CHttpResponseCodec.createException(W3CHttpResponseCodec.java:200)
at org.openqa.selenium.remote.codec.w3c.W3CHttpResponseCodec.decode(W3CHttpResponseCodec.java:133)
at org.openqa.selenium.remote.codec.w3c.W3CHttpResponseCodec.decode(W3CHttpResponseCodec.java:53)
at org.openqa.selenium.remote.HttpCommandExecutor.execute(HttpCommandExecutor.java:184)
at org.openqa.selenium.remote.service.DriverCommandExecutor.invokeExecute(DriverCommandExecutor.java:167)
at org.openqa.selenium.remote.service.DriverCommandExecutor.execute(DriverCommandExecutor.java:142)
at org.openqa.selenium.remote.RemoteWebDriver.execute(RemoteWebDriver.java:567)
at org.openqa.selenium.remote.ElementLocation$ElementFinder$2.findElement(ElementLocation.java:162)
at org.openqa.selenium.remote.ElementLocation.findElement(ElementLocation.java:60)
at org.openqa.selenium.remote.RemoteWebDriver.findElement(RemoteWebDriver.java:385)
at org.openqa.selenium.remote.RemoteWebDriver.findElement(RemoteWebDriver.java:377)
at ajalaXchangeB2C.B2cResultPage.ResultPageForFlight(B2cResultPage.java:204)
at ajalaXchangeB2C.FlightBooking.ajalaB2Cforflight(FlightBooking.java:82)
at java.base/java.util.ArrayList.forEach(ArrayList.java:1511)
... Removed 32 stack frames]]>
    </failure>
  </testcase> <!-- ajalaB2Cforflight -->
  <testcase classname="ajalaXchangeB2C.FlightBooking" name="ajalaB2Cforflight" time="100.592">
    <failure type="org.openqa.selenium.NoSuchElementException" message="no such element: Unable to locate element: {&amp;quot;method&amp;quot;:&amp;quot;xpath&amp;quot;,&amp;quot;selector&amp;quot;:&amp;quot;(//a[@class=&amp;apos;flght-itnry ng-binding&amp;apos;])[1]&amp;quot;}
  (Session info: chrome=117.0.5938.88)
For documentation on this error, please visit: https://selenium.dev/exceptions/#no_such_element
Build info: version: &amp;apos;4.1.4&amp;apos;, revision: &amp;apos;535d840ee2&amp;apos;
System info: host: &amp;apos;SHUBHAM&amp;apos;, ip: &amp;apos;192.168.111.145&amp;apos;, os.name: &amp;apos;Windows 10&amp;apos;, os.arch: &amp;apos;amd64&amp;apos;, os.version: &amp;apos;10.0&amp;apos;, java.version: &amp;apos;17.0.1&amp;apos;
Driver info: org.openqa.selenium.chrome.ChromeDriver
Command: [51e7725d83152853ce7b81a038afe10f, findElement {using=xpath, value=(//a[@class=&amp;apos;flght-itnry ng-binding&amp;apos;])[1]}]
Capabilities {acceptInsecureCerts: false, browserName: chrome, browserVersion: 117.0.5938.88, chrome: {chromedriverVersion: 116.0.5845.96 (1a3918166880..., userDataDir: C:\Users\SHUBHA~1.NAT\AppDa...}, fedcm:accounts: true, goog:chromeOptions: {debuggerAddress: localhost:64242}, javascriptEnabled: true, networkConnectionEnabled: false, pageLoadStrategy: normal, platform: WINDOWS, platformName: WINDOWS, proxy: Proxy(), se:cdp: ws://localhost:64242/devtoo..., se:cdpVersion: 117.0.5938.88, setWindowRect: true, strictFileInteractability: false, timeouts: {implicit: 0, pageLoad: 300000, script: 30000}, unhandledPromptBehavior: dismiss and notify, webauthn:extension:credBlob: true, webauthn:extension:largeBlob: true, webauthn:extension:minPinLength: true, webauthn:extension:prf: true, webauthn:virtualAuthenticators: true}
Session ID: 51e7725d83152853ce7b81a038afe10f">
      <![CDATA[org.openqa.selenium.NoSuchElementException: no such element: Unable to locate element: {"method":"xpath","selector":"(//a[@class='flght-itnry ng-binding'])[1]"}
  (Session info: chrome=117.0.5938.88)
For documentation on this error, please visit: https://selenium.dev/exceptions/#no_such_element
Build info: version: '4.1.4', revision: '535d840ee2'
System info: host: 'SHUBHAM', ip: '192.168.111.145', os.name: 'Windows 10', os.arch: 'amd64', os.version: '10.0', java.version: '17.0.1'
Driver info: org.openqa.selenium.chrome.ChromeDriver
Command: [51e7725d83152853ce7b81a038afe10f, findElement {using=xpath, value=(//a[@class='flght-itnry ng-binding'])[1]}]
Capabilities {acceptInsecureCerts: false, browserName: chrome, browserVersion: 117.0.5938.88, chrome: {chromedriverVersion: 116.0.5845.96 (1a3918166880..., userDataDir: C:\Users\SHUBHA~1.NAT\AppDa...}, fedcm:accounts: true, goog:chromeOptions: {debuggerAddress: localhost:64242}, javascriptEnabled: true, networkConnectionEnabled: false, pageLoadStrategy: normal, platform: WINDOWS, platformName: WINDOWS, proxy: Proxy(), se:cdp: ws://localhost:64242/devtoo..., se:cdpVersion: 117.0.5938.88, setWindowRect: true, strictFileInteractability: false, timeouts: {implicit: 0, pageLoad: 300000, script: 30000}, unhandledPromptBehavior: dismiss and notify, webauthn:extension:credBlob: true, webauthn:extension:largeBlob: true, webauthn:extension:minPinLength: true, webauthn:extension:prf: true, webauthn:virtualAuthenticators: true}
Session ID: 51e7725d83152853ce7b81a038afe10f
at org.openqa.selenium.remote.codec.w3c.W3CHttpResponseCodec.createException(W3CHttpResponseCodec.java:200)
at org.openqa.selenium.remote.codec.w3c.W3CHttpResponseCodec.decode(W3CHttpResponseCodec.java:133)
at org.openqa.selenium.remote.codec.w3c.W3CHttpResponseCodec.decode(W3CHttpResponseCodec.java:53)
at org.openqa.selenium.remote.HttpCommandExecutor.execute(HttpCommandExecutor.java:184)
at org.openqa.selenium.remote.service.DriverCommandExecutor.invokeExecute(DriverCommandExecutor.java:167)
at org.openqa.selenium.remote.service.DriverCommandExecutor.execute(DriverCommandExecutor.java:142)
at org.openqa.selenium.remote.RemoteWebDriver.execute(RemoteWebDriver.java:567)
at org.openqa.selenium.remote.ElementLocation$ElementFinder$2.findElement(ElementLocation.java:162)
at org.openqa.selenium.remote.ElementLocation.findElement(ElementLocation.java:60)
at org.openqa.selenium.remote.RemoteWebDriver.findElement(RemoteWebDriver.java:385)
at org.openqa.selenium.remote.RemoteWebDriver.findElement(RemoteWebDriver.java:377)
at ajalaXchangeB2C.B2cResultPage.ResultPageForFlight(B2cResultPage.java:204)
at ajalaXchangeB2C.FlightBooking.ajalaB2Cforflight(FlightBooking.java:82)
at java.base/java.util.ArrayList.forEach(ArrayList.java:1511)
... Removed 32 stack frames]]>
    </failure>
  </testcase> <!-- ajalaB2Cforflight -->
  <testcase classname="ajalaXchangeB2C.FlightBooking" name="ajalaB2Cforflight" time="107.001">
    <failure type="org.openqa.selenium.NoSuchElementException" message="no such element: Unable to locate element: {&amp;quot;method&amp;quot;:&amp;quot;xpath&amp;quot;,&amp;quot;selector&amp;quot;:&amp;quot;/html/body/div[1]/div[2]/div/section/div[2]/div[2]/div/div/div[2]/div/div/div[1]/div/div[1]/div[3]/div[2]/a&amp;quot;}
  (Session info: chrome=117.0.5938.88)
For documentation on this error, please visit: https://selenium.dev/exceptions/#no_such_element
Build info: version: &amp;apos;4.1.4&amp;apos;, revision: &amp;apos;535d840ee2&amp;apos;
System info: host: &amp;apos;SHUBHAM&amp;apos;, ip: &amp;apos;192.168.111.145&amp;apos;, os.name: &amp;apos;Windows 10&amp;apos;, os.arch: &amp;apos;amd64&amp;apos;, os.version: &amp;apos;10.0&amp;apos;, java.version: &amp;apos;17.0.1&amp;apos;
Driver info: org.openqa.selenium.chrome.ChromeDriver
Command: [98174e1a1498677a9cd9f3a25ae0f480, findElement {using=xpath, value=/html/body/div[1]/div[2]/div/section/div[2]/div[2]/div/div/div[2]/div/div/div[1]/div/div[1]/div[3]/div[2]/a}]
Capabilities {acceptInsecureCerts: false, browserName: chrome, browserVersion: 117.0.5938.88, chrome: {chromedriverVersion: 116.0.5845.96 (1a3918166880..., userDataDir: C:\Users\SHUBHA~1.NAT\AppDa...}, fedcm:accounts: true, goog:chromeOptions: {debuggerAddress: localhost:64313}, javascriptEnabled: true, networkConnectionEnabled: false, pageLoadStrategy: normal, platform: WINDOWS, platformName: WINDOWS, proxy: Proxy(), se:cdp: ws://localhost:64313/devtoo..., se:cdpVersion: 117.0.5938.88, setWindowRect: true, strictFileInteractability: false, timeouts: {implicit: 0, pageLoad: 300000, script: 30000}, unhandledPromptBehavior: dismiss and notify, webauthn:extension:credBlob: true, webauthn:extension:largeBlob: true, webauthn:extension:minPinLength: true, webauthn:extension:prf: true, webauthn:virtualAuthenticators: true}
Session ID: 98174e1a1498677a9cd9f3a25ae0f480">
      <![CDATA[org.openqa.selenium.NoSuchElementException: no such element: Unable to locate element: {"method":"xpath","selector":"/html/body/div[1]/div[2]/div/section/div[2]/div[2]/div/div/div[2]/div/div/div[1]/div/div[1]/div[3]/div[2]/a"}
  (Session info: chrome=117.0.5938.88)
For documentation on this error, please visit: https://selenium.dev/exceptions/#no_such_element
Build info: version: '4.1.4', revision: '535d840ee2'
System info: host: 'SHUBHAM', ip: '192.168.111.145', os.name: 'Windows 10', os.arch: 'amd64', os.version: '10.0', java.version: '17.0.1'
Driver info: org.openqa.selenium.chrome.ChromeDriver
Command: [98174e1a1498677a9cd9f3a25ae0f480, findElement {using=xpath, value=/html/body/div[1]/div[2]/div/section/div[2]/div[2]/div/div/div[2]/div/div/div[1]/div/div[1]/div[3]/div[2]/a}]
Capabilities {acceptInsecureCerts: false, browserName: chrome, browserVersion: 117.0.5938.88, chrome: {chromedriverVersion: 116.0.5845.96 (1a3918166880..., userDataDir: C:\Users\SHUBHA~1.NAT\AppDa...}, fedcm:accounts: true, goog:chromeOptions: {debuggerAddress: localhost:64313}, javascriptEnabled: true, networkConnectionEnabled: false, pageLoadStrategy: normal, platform: WINDOWS, platformName: WINDOWS, proxy: Proxy(), se:cdp: ws://localhost:64313/devtoo..., se:cdpVersion: 117.0.5938.88, setWindowRect: true, strictFileInteractability: false, timeouts: {implicit: 0, pageLoad: 300000, script: 30000}, unhandledPromptBehavior: dismiss and notify, webauthn:extension:credBlob: true, webauthn:extension:largeBlob: true, webauthn:extension:minPinLength: true, webauthn:extension:prf: true, webauthn:virtualAuthenticators: true}
Session ID: 98174e1a1498677a9cd9f3a25ae0f480
at org.openqa.selenium.remote.codec.w3c.W3CHttpResponseCodec.createException(W3CHttpResponseCodec.java:200)
at org.openqa.selenium.remote.codec.w3c.W3CHttpResponseCodec.decode(W3CHttpResponseCodec.java:133)
at org.openqa.selenium.remote.codec.w3c.W3CHttpResponseCodec.decode(W3CHttpResponseCodec.java:53)
at org.openqa.selenium.remote.HttpCommandExecutor.execute(HttpCommandExecutor.java:184)
at org.openqa.selenium.remote.service.DriverCommandExecutor.invokeExecute(DriverCommandExecutor.java:167)
at org.openqa.selenium.remote.service.DriverCommandExecutor.execute(DriverCommandExecutor.java:142)
at org.openqa.selenium.remote.RemoteWebDriver.execute(RemoteWebDriver.java:567)
at org.openqa.selenium.remote.ElementLocation$ElementFinder$2.findElement(ElementLocation.java:162)
at org.openqa.selenium.remote.ElementLocation.findElement(ElementLocation.java:60)
at org.openqa.selenium.remote.RemoteWebDriver.findElement(RemoteWebDriver.java:385)
at org.openqa.selenium.remote.RemoteWebDriver.findElement(RemoteWebDriver.java:377)
at utilities.QaRobot.getLocator(QaRobot.java:52)
at utilities.QaRobot.getWebElement(QaRobot.java:82)
at utilities.QaRobot.ClickOnElement(QaRobot.java:106)
at ajalaXchangeB2C.B2cResultPage.ResultPageForFlight(B2cResultPage.java:332)
at ajalaXchangeB2C.FlightBooking.ajalaB2Cforflight(FlightBooking.java:82)
at java.base/java.util.ArrayList.forEach(ArrayList.java:1511)
... Removed 32 stack frames]]>
    </failure>
  </testcase> <!-- ajalaB2Cforflight -->
  <testcase classname="ajalaXchangeB2C.FlightBooking" name="ajalaB2Cforflight" time="222.118">
    <failure type="org.openqa.selenium.NoSuchElementException" message="no such element: Unable to locate element: {&amp;quot;method&amp;quot;:&amp;quot;xpath&amp;quot;,&amp;quot;selector&amp;quot;:&amp;quot;//div[@id=&amp;apos;cardCC&amp;apos;]/div/div/div/label[1]/input&amp;quot;}
  (Session info: chrome=117.0.5938.88)
For documentation on this error, please visit: https://selenium.dev/exceptions/#no_such_element
Build info: version: &amp;apos;4.1.4&amp;apos;, revision: &amp;apos;535d840ee2&amp;apos;
System info: host: &amp;apos;SHUBHAM&amp;apos;, ip: &amp;apos;192.168.111.145&amp;apos;, os.name: &amp;apos;Windows 10&amp;apos;, os.arch: &amp;apos;amd64&amp;apos;, os.version: &amp;apos;10.0&amp;apos;, java.version: &amp;apos;17.0.1&amp;apos;
Driver info: org.openqa.selenium.chrome.ChromeDriver
Command: [d36b5a8c25ffed91f64c9e7013409839, findElement {using=xpath, value=//div[@id=&amp;apos;cardCC&amp;apos;]/div/div/div/label[1]/input}]
Capabilities {acceptInsecureCerts: false, browserName: chrome, browserVersion: 117.0.5938.88, chrome: {chromedriverVersion: 116.0.5845.96 (1a3918166880..., userDataDir: C:\Users\SHUBHA~1.NAT\AppDa...}, fedcm:accounts: true, goog:chromeOptions: {debuggerAddress: localhost:64381}, javascriptEnabled: true, networkConnectionEnabled: false, pageLoadStrategy: normal, platform: WINDOWS, platformName: WINDOWS, proxy: Proxy(), se:cdp: ws://localhost:64381/devtoo..., se:cdpVersion: 117.0.5938.88, setWindowRect: true, strictFileInteractability: false, timeouts: {implicit: 0, pageLoad: 300000, script: 30000}, unhandledPromptBehavior: dismiss and notify, webauthn:extension:credBlob: true, webauthn:extension:largeBlob: true, webauthn:extension:minPinLength: true, webauthn:extension:prf: true, webauthn:virtualAuthenticators: true}
Session ID: d36b5a8c25ffed91f64c9e7013409839">
      <![CDATA[org.openqa.selenium.NoSuchElementException: no such element: Unable to locate element: {"method":"xpath","selector":"//div[@id='cardCC']/div/div/div/label[1]/input"}
  (Session info: chrome=117.0.5938.88)
For documentation on this error, please visit: https://selenium.dev/exceptions/#no_such_element
Build info: version: '4.1.4', revision: '535d840ee2'
System info: host: 'SHUBHAM', ip: '192.168.111.145', os.name: 'Windows 10', os.arch: 'amd64', os.version: '10.0', java.version: '17.0.1'
Driver info: org.openqa.selenium.chrome.ChromeDriver
Command: [d36b5a8c25ffed91f64c9e7013409839, findElement {using=xpath, value=//div[@id='cardCC']/div/div/div/label[1]/input}]
Capabilities {acceptInsecureCerts: false, browserName: chrome, browserVersion: 117.0.5938.88, chrome: {chromedriverVersion: 116.0.5845.96 (1a3918166880..., userDataDir: C:\Users\SHUBHA~1.NAT\AppDa...}, fedcm:accounts: true, goog:chromeOptions: {debuggerAddress: localhost:64381}, javascriptEnabled: true, networkConnectionEnabled: false, pageLoadStrategy: normal, platform: WINDOWS, platformName: WINDOWS, proxy: Proxy(), se:cdp: ws://localhost:64381/devtoo..., se:cdpVersion: 117.0.5938.88, setWindowRect: true, strictFileInteractability: false, timeouts: {implicit: 0, pageLoad: 300000, script: 30000}, unhandledPromptBehavior: dismiss and notify, webauthn:extension:credBlob: true, webauthn:extension:largeBlob: true, webauthn:extension:minPinLength: true, webauthn:extension:prf: true, webauthn:virtualAuthenticators: true}
Session ID: d36b5a8c25ffed91f64c9e7013409839
at org.openqa.selenium.remote.codec.w3c.W3CHttpResponseCodec.createException(W3CHttpResponseCodec.java:200)
at org.openqa.selenium.remote.codec.w3c.W3CHttpResponseCodec.decode(W3CHttpResponseCodec.java:133)
at org.openqa.selenium.remote.codec.w3c.W3CHttpResponseCodec.decode(W3CHttpResponseCodec.java:53)
at org.openqa.selenium.remote.HttpCommandExecutor.execute(HttpCommandExecutor.java:184)
at org.openqa.selenium.remote.service.DriverCommandExecutor.invokeExecute(DriverCommandExecutor.java:167)
at org.openqa.selenium.remote.service.DriverCommandExecutor.execute(DriverCommandExecutor.java:142)
at org.openqa.selenium.remote.RemoteWebDriver.execute(RemoteWebDriver.java:567)
at org.openqa.selenium.remote.ElementLocation$ElementFinder$2.findElement(ElementLocation.java:162)
at org.openqa.selenium.remote.ElementLocation.findElement(ElementLocation.java:60)
at org.openqa.selenium.remote.RemoteWebDriver.findElement(RemoteWebDriver.java:385)
at org.openqa.selenium.remote.RemoteWebDriver.findElement(RemoteWebDriver.java:377)
at utilities.QaRobot.getLocator(QaRobot.java:52)
at utilities.QaRobot.getWebElement(QaRobot.java:82)
at utilities.QaRobot.ClickOnElement(QaRobot.java:106)
at ajalaXchangeB2C.B2cPaymentPage.cardPayment(B2cPaymentPage.java:17)
at ajalaXchangeB2C.FlightBooking.ajalaB2Cforflight(FlightBooking.java:102)
at java.base/java.util.ArrayList.forEach(ArrayList.java:1511)
... Removed 32 stack frames]]>
    </failure>
  </testcase> <!-- ajalaB2Cforflight -->
  <testcase classname="ajalaXchangeB2C.FlightBooking" name="ajalaB2Cforflight" time="321.024"/>
  <testcase classname="ajalaXchangeB2C.FlightBooking" name="ajalaB2Cforflight" time="320.437"/>
  <testcase classname="ajalaXchangeB2C.FlightBooking" name="ajalaB2Cforflight" time="303.376"/>
  <testcase classname="ajalaXchangeB2C.FlightBooking" name="ajalaB2Cforflight" time="71.779">
    <failure type="org.openqa.selenium.NoSuchElementException" message="no such element: Unable to locate element: {&amp;quot;method&amp;quot;:&amp;quot;xpath&amp;quot;,&amp;quot;selector&amp;quot;:&amp;quot;/html/body/div[1]/div[2]/div/section/div[2]/div[2]/div/div/div[2]/div/div/div[1]/div/div[1]/div[3]/div[2]/a&amp;quot;}
  (Session info: chrome=117.0.5938.88)
For documentation on this error, please visit: https://selenium.dev/exceptions/#no_such_element
Build info: version: &amp;apos;4.1.4&amp;apos;, revision: &amp;apos;535d840ee2&amp;apos;
System info: host: &amp;apos;SHUBHAM&amp;apos;, ip: &amp;apos;192.168.111.145&amp;apos;, os.name: &amp;apos;Windows 10&amp;apos;, os.arch: &amp;apos;amd64&amp;apos;, os.version: &amp;apos;10.0&amp;apos;, java.version: &amp;apos;17.0.1&amp;apos;
Driver info: org.openqa.selenium.chrome.ChromeDriver
Command: [0a4941a635a51e96bd72190e26f62a70, findElement {using=xpath, value=/html/body/div[1]/div[2]/div/section/div[2]/div[2]/div/div/div[2]/div/div/div[1]/div/div[1]/div[3]/div[2]/a}]
Capabilities {acceptInsecureCerts: false, browserName: chrome, browserVersion: 117.0.5938.88, chrome: {chromedriverVersion: 116.0.5845.96 (1a3918166880..., userDataDir: C:\Users\SHUBHA~1.NAT\AppDa...}, fedcm:accounts: true, goog:chromeOptions: {debuggerAddress: localhost:64740}, javascriptEnabled: true, networkConnectionEnabled: false, pageLoadStrategy: normal, platform: WINDOWS, platformName: WINDOWS, proxy: Proxy(), se:cdp: ws://localhost:64740/devtoo..., se:cdpVersion: 117.0.5938.88, setWindowRect: true, strictFileInteractability: false, timeouts: {implicit: 0, pageLoad: 300000, script: 30000}, unhandledPromptBehavior: dismiss and notify, webauthn:extension:credBlob: true, webauthn:extension:largeBlob: true, webauthn:extension:minPinLength: true, webauthn:extension:prf: true, webauthn:virtualAuthenticators: true}
Session ID: 0a4941a635a51e96bd72190e26f62a70">
      <![CDATA[org.openqa.selenium.NoSuchElementException: no such element: Unable to locate element: {"method":"xpath","selector":"/html/body/div[1]/div[2]/div/section/div[2]/div[2]/div/div/div[2]/div/div/div[1]/div/div[1]/div[3]/div[2]/a"}
  (Session info: chrome=117.0.5938.88)
For documentation on this error, please visit: https://selenium.dev/exceptions/#no_such_element
Build info: version: '4.1.4', revision: '535d840ee2'
System info: host: 'SHUBHAM', ip: '192.168.111.145', os.name: 'Windows 10', os.arch: 'amd64', os.version: '10.0', java.version: '17.0.1'
Driver info: org.openqa.selenium.chrome.ChromeDriver
Command: [0a4941a635a51e96bd72190e26f62a70, findElement {using=xpath, value=/html/body/div[1]/div[2]/div/section/div[2]/div[2]/div/div/div[2]/div/div/div[1]/div/div[1]/div[3]/div[2]/a}]
Capabilities {acceptInsecureCerts: false, browserName: chrome, browserVersion: 117.0.5938.88, chrome: {chromedriverVersion: 116.0.5845.96 (1a3918166880..., userDataDir: C:\Users\SHUBHA~1.NAT\AppDa...}, fedcm:accounts: true, goog:chromeOptions: {debuggerAddress: localhost:64740}, javascriptEnabled: true, networkConnectionEnabled: false, pageLoadStrategy: normal, platform: WINDOWS, platformName: WINDOWS, proxy: Proxy(), se:cdp: ws://localhost:64740/devtoo..., se:cdpVersion: 117.0.5938.88, setWindowRect: true, strictFileInteractability: false, timeouts: {implicit: 0, pageLoad: 300000, script: 30000}, unhandledPromptBehavior: dismiss and notify, webauthn:extension:credBlob: true, webauthn:extension:largeBlob: true, webauthn:extension:minPinLength: true, webauthn:extension:prf: true, webauthn:virtualAuthenticators: true}
Session ID: 0a4941a635a51e96bd72190e26f62a70
at org.openqa.selenium.remote.codec.w3c.W3CHttpResponseCodec.createException(W3CHttpResponseCodec.java:200)
at org.openqa.selenium.remote.codec.w3c.W3CHttpResponseCodec.decode(W3CHttpResponseCodec.java:133)
at org.openqa.selenium.remote.codec.w3c.W3CHttpResponseCodec.decode(W3CHttpResponseCodec.java:53)
at org.openqa.selenium.remote.HttpCommandExecutor.execute(HttpCommandExecutor.java:184)
at org.openqa.selenium.remote.service.DriverCommandExecutor.invokeExecute(DriverCommandExecutor.java:167)
at org.openqa.selenium.remote.service.DriverCommandExecutor.execute(DriverCommandExecutor.java:142)
at org.openqa.selenium.remote.RemoteWebDriver.execute(RemoteWebDriver.java:567)
at org.openqa.selenium.remote.ElementLocation$ElementFinder$2.findElement(ElementLocation.java:162)
at org.openqa.selenium.remote.ElementLocation.findElement(ElementLocation.java:60)
at org.openqa.selenium.remote.RemoteWebDriver.findElement(RemoteWebDriver.java:385)
at org.openqa.selenium.remote.RemoteWebDriver.findElement(RemoteWebDriver.java:377)
at utilities.QaRobot.getLocator(QaRobot.java:52)
at utilities.QaRobot.getWebElement(QaRobot.java:82)
at utilities.QaRobot.ClickOnElement(QaRobot.java:106)
at ajalaXchangeB2C.B2cResultPage.ResultPageForFlight(B2cResultPage.java:332)
at ajalaXchangeB2C.FlightBooking.ajalaB2Cforflight(FlightBooking.java:82)
at java.base/java.util.ArrayList.forEach(ArrayList.java:1511)
... Removed 32 stack frames]]>
    </failure>
  </testcase> <!-- ajalaB2Cforflight -->
  <testcase classname="ajalaXchangeB2C.FlightBooking" name="ajalaB2Cforflight" time="100.386">
    <failure type="org.openqa.selenium.NoSuchElementException" message="no such element: Unable to locate element: {&amp;quot;method&amp;quot;:&amp;quot;xpath&amp;quot;,&amp;quot;selector&amp;quot;:&amp;quot;(//a[@class=&amp;apos;flght-itnry ng-binding&amp;apos;])[1]&amp;quot;}
  (Session info: chrome=117.0.5938.88)
For documentation on this error, please visit: https://selenium.dev/exceptions/#no_such_element
Build info: version: &amp;apos;4.1.4&amp;apos;, revision: &amp;apos;535d840ee2&amp;apos;
System info: host: &amp;apos;SHUBHAM&amp;apos;, ip: &amp;apos;192.168.111.145&amp;apos;, os.name: &amp;apos;Windows 10&amp;apos;, os.arch: &amp;apos;amd64&amp;apos;, os.version: &amp;apos;10.0&amp;apos;, java.version: &amp;apos;17.0.1&amp;apos;
Driver info: org.openqa.selenium.chrome.ChromeDriver
Command: [3db63bc6b65b93c8f9b20e3d35d0bd32, findElement {using=xpath, value=(//a[@class=&amp;apos;flght-itnry ng-binding&amp;apos;])[1]}]
Capabilities {acceptInsecureCerts: false, browserName: chrome, browserVersion: 117.0.5938.88, chrome: {chromedriverVersion: 116.0.5845.96 (1a3918166880..., userDataDir: C:\Users\SHUBHA~1.NAT\AppDa...}, fedcm:accounts: true, goog:chromeOptions: {debuggerAddress: localhost:64789}, javascriptEnabled: true, networkConnectionEnabled: false, pageLoadStrategy: normal, platform: WINDOWS, platformName: WINDOWS, proxy: Proxy(), se:cdp: ws://localhost:64789/devtoo..., se:cdpVersion: 117.0.5938.88, setWindowRect: true, strictFileInteractability: false, timeouts: {implicit: 0, pageLoad: 300000, script: 30000}, unhandledPromptBehavior: dismiss and notify, webauthn:extension:credBlob: true, webauthn:extension:largeBlob: true, webauthn:extension:minPinLength: true, webauthn:extension:prf: true, webauthn:virtualAuthenticators: true}
Session ID: 3db63bc6b65b93c8f9b20e3d35d0bd32">
      <![CDATA[org.openqa.selenium.NoSuchElementException: no such element: Unable to locate element: {"method":"xpath","selector":"(//a[@class='flght-itnry ng-binding'])[1]"}
  (Session info: chrome=117.0.5938.88)
For documentation on this error, please visit: https://selenium.dev/exceptions/#no_such_element
Build info: version: '4.1.4', revision: '535d840ee2'
System info: host: 'SHUBHAM', ip: '192.168.111.145', os.name: 'Windows 10', os.arch: 'amd64', os.version: '10.0', java.version: '17.0.1'
Driver info: org.openqa.selenium.chrome.ChromeDriver
Command: [3db63bc6b65b93c8f9b20e3d35d0bd32, findElement {using=xpath, value=(//a[@class='flght-itnry ng-binding'])[1]}]
Capabilities {acceptInsecureCerts: false, browserName: chrome, browserVersion: 117.0.5938.88, chrome: {chromedriverVersion: 116.0.5845.96 (1a3918166880..., userDataDir: C:\Users\SHUBHA~1.NAT\AppDa...}, fedcm:accounts: true, goog:chromeOptions: {debuggerAddress: localhost:64789}, javascriptEnabled: true, networkConnectionEnabled: false, pageLoadStrategy: normal, platform: WINDOWS, platformName: WINDOWS, proxy: Proxy(), se:cdp: ws://localhost:64789/devtoo..., se:cdpVersion: 117.0.5938.88, setWindowRect: true, strictFileInteractability: false, timeouts: {implicit: 0, pageLoad: 300000, script: 30000}, unhandledPromptBehavior: dismiss and notify, webauthn:extension:credBlob: true, webauthn:extension:largeBlob: true, webauthn:extension:minPinLength: true, webauthn:extension:prf: true, webauthn:virtualAuthenticators: true}
Session ID: 3db63bc6b65b93c8f9b20e3d35d0bd32
at org.openqa.selenium.remote.codec.w3c.W3CHttpResponseCodec.createException(W3CHttpResponseCodec.java:200)
at org.openqa.selenium.remote.codec.w3c.W3CHttpResponseCodec.decode(W3CHttpResponseCodec.java:133)
at org.openqa.selenium.remote.codec.w3c.W3CHttpResponseCodec.decode(W3CHttpResponseCodec.java:53)
at org.openqa.selenium.remote.HttpCommandExecutor.execute(HttpCommandExecutor.java:184)
at org.openqa.selenium.remote.service.DriverCommandExecutor.invokeExecute(DriverCommandExecutor.java:167)
at org.openqa.selenium.remote.service.DriverCommandExecutor.execute(DriverCommandExecutor.java:142)
at org.openqa.selenium.remote.RemoteWebDriver.execute(RemoteWebDriver.java:567)
at org.openqa.selenium.remote.ElementLocation$ElementFinder$2.findElement(ElementLocation.java:162)
at org.openqa.selenium.remote.ElementLocation.findElement(ElementLocation.java:60)
at org.openqa.selenium.remote.RemoteWebDriver.findElement(RemoteWebDriver.java:385)
at org.openqa.selenium.remote.RemoteWebDriver.findElement(RemoteWebDriver.java:377)
at ajalaXchangeB2C.B2cResultPage.ResultPageForFlight(B2cResultPage.java:204)
at ajalaXchangeB2C.FlightBooking.ajalaB2Cforflight(FlightBooking.java:82)
at java.base/java.util.ArrayList.forEach(ArrayList.java:1511)
... Removed 32 stack frames]]>
    </failure>
  </testcase> <!-- ajalaB2Cforflight -->
  <testcase classname="ajalaXchangeB2C.FlightBooking" name="ajalaB2Cforflight" time="99.116">
    <failure type="org.openqa.selenium.NoSuchElementException" message="no such element: Unable to locate element: {&amp;quot;method&amp;quot;:&amp;quot;xpath&amp;quot;,&amp;quot;selector&amp;quot;:&amp;quot;(//a[@class=&amp;apos;flght-itnry ng-binding&amp;apos;])[1]&amp;quot;}
  (Session info: chrome=117.0.5938.88)
For documentation on this error, please visit: https://selenium.dev/exceptions/#no_such_element
Build info: version: &amp;apos;4.1.4&amp;apos;, revision: &amp;apos;535d840ee2&amp;apos;
System info: host: &amp;apos;SHUBHAM&amp;apos;, ip: &amp;apos;192.168.111.145&amp;apos;, os.name: &amp;apos;Windows 10&amp;apos;, os.arch: &amp;apos;amd64&amp;apos;, os.version: &amp;apos;10.0&amp;apos;, java.version: &amp;apos;17.0.1&amp;apos;
Driver info: org.openqa.selenium.chrome.ChromeDriver
Command: [777a1fe4a60ee3ab01db3b3153cd35e5, findElement {using=xpath, value=(//a[@class=&amp;apos;flght-itnry ng-binding&amp;apos;])[1]}]
Capabilities {acceptInsecureCerts: false, browserName: chrome, browserVersion: 117.0.5938.88, chrome: {chromedriverVersion: 116.0.5845.96 (1a3918166880..., userDataDir: C:\Users\SHUBHA~1.NAT\AppDa...}, fedcm:accounts: true, goog:chromeOptions: {debuggerAddress: localhost:64838}, javascriptEnabled: true, networkConnectionEnabled: false, pageLoadStrategy: normal, platform: WINDOWS, platformName: WINDOWS, proxy: Proxy(), se:cdp: ws://localhost:64838/devtoo..., se:cdpVersion: 117.0.5938.88, setWindowRect: true, strictFileInteractability: false, timeouts: {implicit: 0, pageLoad: 300000, script: 30000}, unhandledPromptBehavior: dismiss and notify, webauthn:extension:credBlob: true, webauthn:extension:largeBlob: true, webauthn:extension:minPinLength: true, webauthn:extension:prf: true, webauthn:virtualAuthenticators: true}
Session ID: 777a1fe4a60ee3ab01db3b3153cd35e5">
      <![CDATA[org.openqa.selenium.NoSuchElementException: no such element: Unable to locate element: {"method":"xpath","selector":"(//a[@class='flght-itnry ng-binding'])[1]"}
  (Session info: chrome=117.0.5938.88)
For documentation on this error, please visit: https://selenium.dev/exceptions/#no_such_element
Build info: version: '4.1.4', revision: '535d840ee2'
System info: host: 'SHUBHAM', ip: '192.168.111.145', os.name: 'Windows 10', os.arch: 'amd64', os.version: '10.0', java.version: '17.0.1'
Driver info: org.openqa.selenium.chrome.ChromeDriver
Command: [777a1fe4a60ee3ab01db3b3153cd35e5, findElement {using=xpath, value=(//a[@class='flght-itnry ng-binding'])[1]}]
Capabilities {acceptInsecureCerts: false, browserName: chrome, browserVersion: 117.0.5938.88, chrome: {chromedriverVersion: 116.0.5845.96 (1a3918166880..., userDataDir: C:\Users\SHUBHA~1.NAT\AppDa...}, fedcm:accounts: true, goog:chromeOptions: {debuggerAddress: localhost:64838}, javascriptEnabled: true, networkConnectionEnabled: false, pageLoadStrategy: normal, platform: WINDOWS, platformName: WINDOWS, proxy: Proxy(), se:cdp: ws://localhost:64838/devtoo..., se:cdpVersion: 117.0.5938.88, setWindowRect: true, strictFileInteractability: false, timeouts: {implicit: 0, pageLoad: 300000, script: 30000}, unhandledPromptBehavior: dismiss and notify, webauthn:extension:credBlob: true, webauthn:extension:largeBlob: true, webauthn:extension:minPinLength: true, webauthn:extension:prf: true, webauthn:virtualAuthenticators: true}
Session ID: 777a1fe4a60ee3ab01db3b3153cd35e5
at org.openqa.selenium.remote.codec.w3c.W3CHttpResponseCodec.createException(W3CHttpResponseCodec.java:200)
at org.openqa.selenium.remote.codec.w3c.W3CHttpResponseCodec.decode(W3CHttpResponseCodec.java:133)
at org.openqa.selenium.remote.codec.w3c.W3CHttpResponseCodec.decode(W3CHttpResponseCodec.java:53)
at org.openqa.selenium.remote.HttpCommandExecutor.execute(HttpCommandExecutor.java:184)
at org.openqa.selenium.remote.service.DriverCommandExecutor.invokeExecute(DriverCommandExecutor.java:167)
at org.openqa.selenium.remote.service.DriverCommandExecutor.execute(DriverCommandExecutor.java:142)
at org.openqa.selenium.remote.RemoteWebDriver.execute(RemoteWebDriver.java:567)
at org.openqa.selenium.remote.ElementLocation$ElementFinder$2.findElement(ElementLocation.java:162)
at org.openqa.selenium.remote.ElementLocation.findElement(ElementLocation.java:60)
at org.openqa.selenium.remote.RemoteWebDriver.findElement(RemoteWebDriver.java:385)
at org.openqa.selenium.remote.RemoteWebDriver.findElement(RemoteWebDriver.java:377)
at ajalaXchangeB2C.B2cResultPage.ResultPageForFlight(B2cResultPage.java:204)
at ajalaXchangeB2C.FlightBooking.ajalaB2Cforflight(FlightBooking.java:82)
at java.base/java.util.ArrayList.forEach(ArrayList.java:1511)
... Removed 32 stack frames]]>
    </failure>
  </testcase> <!-- ajalaB2Cforflight -->
  <testcase classname="ajalaXchangeB2C.FlightBooking" name="ajalaB2Cforflight" time="107.191">
    <failure type="org.openqa.selenium.NoSuchElementException" message="no such element: Unable to locate element: {&amp;quot;method&amp;quot;:&amp;quot;xpath&amp;quot;,&amp;quot;selector&amp;quot;:&amp;quot;/html/body/div[1]/div[2]/div/section/div[2]/div[2]/div/div/div[2]/div/div/div[1]/div/div[1]/div[3]/div[2]/a&amp;quot;}
  (Session info: chrome=117.0.5938.88)
For documentation on this error, please visit: https://selenium.dev/exceptions/#no_such_element
Build info: version: &amp;apos;4.1.4&amp;apos;, revision: &amp;apos;535d840ee2&amp;apos;
System info: host: &amp;apos;SHUBHAM&amp;apos;, ip: &amp;apos;192.168.111.145&amp;apos;, os.name: &amp;apos;Windows 10&amp;apos;, os.arch: &amp;apos;amd64&amp;apos;, os.version: &amp;apos;10.0&amp;apos;, java.version: &amp;apos;17.0.1&amp;apos;
Driver info: org.openqa.selenium.chrome.ChromeDriver
Command: [f63190a81aa7f66b17929916acae19d9, findElement {using=xpath, value=/html/body/div[1]/div[2]/div/section/div[2]/div[2]/div/div/div[2]/div/div/div[1]/div/div[1]/div[3]/div[2]/a}]
Capabilities {acceptInsecureCerts: false, browserName: chrome, browserVersion: 117.0.5938.88, chrome: {chromedriverVersion: 116.0.5845.96 (1a3918166880..., userDataDir: C:\Users\SHUBHA~1.NAT\AppDa...}, fedcm:accounts: true, goog:chromeOptions: {debuggerAddress: localhost:64902}, javascriptEnabled: true, networkConnectionEnabled: false, pageLoadStrategy: normal, platform: WINDOWS, platformName: WINDOWS, proxy: Proxy(), se:cdp: ws://localhost:64902/devtoo..., se:cdpVersion: 117.0.5938.88, setWindowRect: true, strictFileInteractability: false, timeouts: {implicit: 0, pageLoad: 300000, script: 30000}, unhandledPromptBehavior: dismiss and notify, webauthn:extension:credBlob: true, webauthn:extension:largeBlob: true, webauthn:extension:minPinLength: true, webauthn:extension:prf: true, webauthn:virtualAuthenticators: true}
Session ID: f63190a81aa7f66b17929916acae19d9">
      <![CDATA[org.openqa.selenium.NoSuchElementException: no such element: Unable to locate element: {"method":"xpath","selector":"/html/body/div[1]/div[2]/div/section/div[2]/div[2]/div/div/div[2]/div/div/div[1]/div/div[1]/div[3]/div[2]/a"}
  (Session info: chrome=117.0.5938.88)
For documentation on this error, please visit: https://selenium.dev/exceptions/#no_such_element
Build info: version: '4.1.4', revision: '535d840ee2'
System info: host: 'SHUBHAM', ip: '192.168.111.145', os.name: 'Windows 10', os.arch: 'amd64', os.version: '10.0', java.version: '17.0.1'
Driver info: org.openqa.selenium.chrome.ChromeDriver
Command: [f63190a81aa7f66b17929916acae19d9, findElement {using=xpath, value=/html/body/div[1]/div[2]/div/section/div[2]/div[2]/div/div/div[2]/div/div/div[1]/div/div[1]/div[3]/div[2]/a}]
Capabilities {acceptInsecureCerts: false, browserName: chrome, browserVersion: 117.0.5938.88, chrome: {chromedriverVersion: 116.0.5845.96 (1a3918166880..., userDataDir: C:\Users\SHUBHA~1.NAT\AppDa...}, fedcm:accounts: true, goog:chromeOptions: {debuggerAddress: localhost:64902}, javascriptEnabled: true, networkConnectionEnabled: false, pageLoadStrategy: normal, platform: WINDOWS, platformName: WINDOWS, proxy: Proxy(), se:cdp: ws://localhost:64902/devtoo..., se:cdpVersion: 117.0.5938.88, setWindowRect: true, strictFileInteractability: false, timeouts: {implicit: 0, pageLoad: 300000, script: 30000}, unhandledPromptBehavior: dismiss and notify, webauthn:extension:credBlob: true, webauthn:extension:largeBlob: true, webauthn:extension:minPinLength: true, webauthn:extension:prf: true, webauthn:virtualAuthenticators: true}
Session ID: f63190a81aa7f66b17929916acae19d9
at org.openqa.selenium.remote.codec.w3c.W3CHttpResponseCodec.createException(W3CHttpResponseCodec.java:200)
at org.openqa.selenium.remote.codec.w3c.W3CHttpResponseCodec.decode(W3CHttpResponseCodec.java:133)
at org.openqa.selenium.remote.codec.w3c.W3CHttpResponseCodec.decode(W3CHttpResponseCodec.java:53)
at org.openqa.selenium.remote.HttpCommandExecutor.execute(HttpCommandExecutor.java:184)
at org.openqa.selenium.remote.service.DriverCommandExecutor.invokeExecute(DriverCommandExecutor.java:167)
at org.openqa.selenium.remote.service.DriverCommandExecutor.execute(DriverCommandExecutor.java:142)
at org.openqa.selenium.remote.RemoteWebDriver.execute(RemoteWebDriver.java:567)
at org.openqa.selenium.remote.ElementLocation$ElementFinder$2.findElement(ElementLocation.java:162)
at org.openqa.selenium.remote.ElementLocation.findElement(ElementLocation.java:60)
at org.openqa.selenium.remote.RemoteWebDriver.findElement(RemoteWebDriver.java:385)
at org.openqa.selenium.remote.RemoteWebDriver.findElement(RemoteWebDriver.java:377)
at utilities.QaRobot.getLocator(QaRobot.java:52)
at utilities.QaRobot.getWebElement(QaRobot.java:82)
at utilities.QaRobot.ClickOnElement(QaRobot.java:106)
at ajalaXchangeB2C.B2cResultPage.ResultPageForFlight(B2cResultPage.java:332)
at ajalaXchangeB2C.FlightBooking.ajalaB2Cforflight(FlightBooking.java:82)
at java.base/java.util.ArrayList.forEach(ArrayList.java:1511)
... Removed 32 stack frames]]>
    </failure>
  </testcase> <!-- ajalaB2Cforflight -->
  <testcase classname="ajalaXchangeB2C.FlightBooking" name="ajalaB2Cforflight" time="341.791"/>
</testsuite> <!-- Test -->
