<?xml version="1.0" encoding="UTF-8"?>
<testng-results ignored="0" total="16" passed="7" failed="9" skipped="0">
  <reporter-output>
  </reporter-output>
  <suite started-at="2023-09-21T11:24:57 IST" name="Suite" finished-at="2023-09-21T12:12:56 IST" duration-ms="2879115">
    <groups>
    </groups>
    <test started-at="2023-09-21T11:24:57 IST" name="Test" finished-at="2023-09-21T12:12:56 IST" duration-ms="2879115">
      <class name="ajalaXchangeB2C.FlightBooking">
        <test-method signature="ajalaB2Cforflight(java.lang.String,java.lang.String,java.lang.String,java.lang.String,java.lang.String,java.lang.String,java.lang.String,java.lang.String,java.lang.String,java.lang.String,java.lang.String,java.lang.String,java.lang.String,java.lang.String,java.lang.String,java.lang.String,java.lang.String,java.lang.String,java.lang.String,java.lang.String,java.lang.String,java.lang.String,java.lang.String,java.lang.String,java.lang.String,java.lang.String,java.lang.String,java.lang.String,java.lang.String,java.lang.String,java.lang.String,java.lang.String,java.lang.String,java.lang.String,java.lang.String,java.lang.String,java.lang.String,java.lang.String,java.lang.String,java.lang.String,java.lang.String,java.lang.String,java.lang.String,java.lang.String,java.lang.String,java.lang.String,java.lang.String,java.lang.String,java.lang.String,java.lang.String,java.lang.String,java.lang.String,java.lang.String,java.lang.String,java.lang.String,java.lang.String,java.lang.String,java.lang.String,java.lang.String,java.lang.String,java.lang.String,java.lang.String,java.lang.String,java.lang.String,java.lang.String,java.lang.String,java.lang.String,java.lang.String,java.lang.String,java.lang.String,java.lang.String,java.lang.String,java.lang.String,java.lang.String,java.lang.String,java.lang.String,java.lang.String,java.lang.String,java.lang.String,java.lang.String,java.lang.String,java.lang.String,java.lang.String)[pri:0, instance:ajalaXchangeB2C.FlightBooking@7bd4937b]" started-at="2023-09-21T11:24:58 IST" name="ajalaB2Cforflight" data-provider="getexceldata" finished-at="2023-09-21T11:28:25 IST" duration-ms="207354" status="PASS">
          <params>
            <param index="0">
              <value>
                <![CDATA[Test Flight 1]]>
              </value>
            </param>
            <param index="1">
              <value>
                <![CDATA[Positive]]>
              </value>
            </param>
            <param index="2">
              <value>
                <![CDATA[Verify one way flight booking with Individual for Domestic]]>
              </value>
            </param>
            <param index="3">
              <value>
                <![CDATA[Guest]]>
              </value>
            </param>
            <param index="4">
              <value>
                <![CDATA[b2c]]>
              </value>
            </param>
            <param index="5">
              <value>
                <![CDATA[//xchangev12/Ajala/]]>
              </value>
            </param>
            <param index="6">
              <value>
                <![CDATA[shubham.natkar@quadlabs.com]]>
              </value>
            </param>
            <param index="7">
              <value>
                <![CDATA[Admin@123]]>
              </value>
            </param>
            <param index="8">
              <value>
                <![CDATA[OneWay]]>
              </value>
            </param>
            <param index="9">
              <value>
                <![CDATA[Domestic]]>
              </value>
            </param>
            <param index="10">
              <value>
                <![CDATA[syd]]>
              </value>
            </param>
            <param index="11">
              <value>
                <![CDATA[Sydney, Australia - Kingsford Smith (SYD)]]>
              </value>
            </param>
            <param index="12">
              <value>
                <![CDATA[mel]]>
              </value>
            </param>
            <param index="13">
              <value>
                <![CDATA[Melbourne, Australia - Tullamarine (MEL)]]>
              </value>
            </param>
            <param index="14">
              <value>
                <![CDATA[11-October-2023]]>
              </value>
            </param>
            <param index="15">
              <value>
                <![CDATA[11-October-2023]]>
              </value>
            </param>
            <param index="16">
              <value>
                <![CDATA[1]]>
              </value>
            </param>
            <param index="17">
              <value>
                <![CDATA[0]]>
              </value>
            </param>
            <param index="18">
              <value>
                <![CDATA[0]]>
              </value>
            </param>
            <param index="19">
              <value>
                <![CDATA[Yes]]>
              </value>
            </param>
            <param index="20">
              <value>
                <![CDATA[AUD]]>
              </value>
            </param>
            <param index="21">
              <value>
                <![CDATA[Economy]]>
              </value>
            </param>
            <param index="22">
              <value>
                <![CDATA[3]]>
              </value>
            </param>
            <param index="23">
              <value>
                <![CDATA[air india,gulf air,Oman air]]>
              </value>
            </param>
            <param index="24">
              <value>
                <![CDATA[No]]>
              </value>
            </param>
            <param index="25">
              <value>
                <![CDATA[No]]>
              </value>
            </param>
            <param index="26">
              <value>
                <![CDATA[No]]>
              </value>
            </param>
            <param index="27">
              <value>
                <![CDATA[Yes]]>
              </value>
            </param>
            <param index="28">
              <value>
                <![CDATA[OneWay]]>
              </value>
            </param>
            <param index="29">
              <value>
                <![CDATA[International]]>
              </value>
            </param>
            <param index="30">
              <value>
                <![CDATA[del]]>
              </value>
            </param>
            <param index="31">
              <value>
                <![CDATA[Delhi, India - Indira Gandhi Intl (DEL)]]>
              </value>
            </param>
            <param index="32">
              <value>
                <![CDATA[bom]]>
              </value>
            </param>
            <param index="33">
              <value>
                <![CDATA[Mumbai, India - Shivaji Terminal (BOM)]]>
              </value>
            </param>
            <param index="34">
              <value>
                <![CDATA[Yes]]>
              </value>
            </param>
            <param index="35">
              <value>
                <![CDATA[23-Oct-2023]]>
              </value>
            </param>
            <param index="36">
              <value>
                <![CDATA[25-Oct-2023]]>
              </value>
            </param>
            <param index="37">
              <value>
                <![CDATA[Yes]]>
              </value>
            </param>
            <param index="38">
              <value>
                <![CDATA[1]]>
              </value>
            </param>
            <param index="39">
              <value>
                <![CDATA[0]]>
              </value>
            </param>
            <param index="40">
              <value>
                <![CDATA[0]]>
              </value>
            </param>
            <param index="41">
              <value>
                <![CDATA[Yes]]>
              </value>
            </param>
            <param index="42">
              <value>
                <![CDATA[Economy]]>
              </value>
            </param>
            <param index="43">
              <value>
                <![CDATA[No]]>
              </value>
            </param>
            <param index="44">
              <value>
                <![CDATA[Yes]]>
              </value>
            </param>
            <param index="45">
              <value>
                <![CDATA[INR]]>
              </value>
            </param>
            <param index="46">
              <value>
                <![CDATA[2]]>
              </value>
            </param>
            <param index="47">
              <value>
                <![CDATA[air india,gulf air]]>
              </value>
            </param>
            <param index="48">
              <value>
                <![CDATA[No]]>
              </value>
            </param>
            <param index="49">
              <value>
                <![CDATA[All]]>
              </value>
            </param>
            <param index="50">
              <value>
                <![CDATA[Vistara]]>
              </value>
            </param>
            <param index="51">
              <value>
                <![CDATA[Mr,Mrs]]>
              </value>
            </param>
            <param index="52">
              <value>
                <![CDATA[Sonu Bansal,Sonia Yadav]]>
              </value>
            </param>
            <param index="53">
              <value>
                <![CDATA[25-Nov-2009,23-May-1986]]>
              </value>
            </param>
            <param index="54">
              <value>
                <![CDATA[shubham.natkar@quadlabs.com]]>
              </value>
            </param>
            <param index="55">
              <value>
                <![CDATA[9487689453,7825645669]]>
              </value>
            </param>
            <param index="56">
              <value>
                <![CDATA[78AJI0321K,897NKJ233G]]>
              </value>
            </param>
            <param index="57">
              <value>
                <![CDATA[India,Indonesia]]>
              </value>
            </param>
            <param index="58">
              <value>
                <![CDATA[23-Mar-2030,30-Jun-2028]]>
              </value>
            </param>
            <param index="59">
              <value>
                <![CDATA[Indian,Indian]]>
              </value>
            </param>
            <param index="60">
              <value>
                <![CDATA[Miss,Mstr]]>
              </value>
            </param>
            <param index="61">
              <value>
                <![CDATA[Devi Shukla,Abhisha Kanal]]>
              </value>
            </param>
            <param index="62">
              <value>
                <![CDATA[78AJ00321K,897LKJ233G]]>
              </value>
            </param>
            <param index="63">
              <value>
                <![CDATA[India,Indonesia]]>
              </value>
            </param>
            <param index="64">
              <value>
                <![CDATA[23-Feb-2026,17-Mar-2028]]>
              </value>
            </param>
            <param index="65">
              <value>
                <![CDATA[Indian,Indian]]>
              </value>
            </param>
            <param index="66">
              <value>
                <![CDATA[25-Apr-2015,13-May-2014]]>
              </value>
            </param>
            <param index="67">
              <value>
                <![CDATA[Miss,Mstr]]>
              </value>
            </param>
            <param index="68">
              <value>
                <![CDATA[Dev Jain,Abhi Sharma]]>
              </value>
            </param>
            <param index="69">
              <value>
                <![CDATA[25-Apr-2022,13-May-2022]]>
              </value>
            </param>
            <param index="70">
              <value>
                <![CDATA[Adult1,Adult2]]>
              </value>
            </param>
            <param index="71">
              <value>
                <![CDATA[78A0I0321K,897N0J233G]]>
              </value>
            </param>
            <param index="72">
              <value>
                <![CDATA[India,Indonesia]]>
              </value>
            </param>
            <param index="73">
              <value>
                <![CDATA[23-Feb-2030,17-Mar-2031]]>
              </value>
            </param>
            <param index="74">
              <value>
                <![CDATA[Indian,Indian]]>
              </value>
            </param>
            <param index="75">
              <value>
                <![CDATA[MasterCard]]>
              </value>
            </param>
            <param index="76">
              <value>
                <![CDATA[5123456789012340]]>
              </value>
            </param>
            <param index="77">
              <value>
                <![CDATA[Shubham Natkar]]>
              </value>
            </param>
            <param index="78">
              <value>
                <![CDATA[11,2040]]>
              </value>
            </param>
            <param index="79">
              <value>
                <![CDATA[123]]>
              </value>
            </param>
            <param index="80">
              <value>
                <![CDATA[Gurgaon]]>
              </value>
            </param>
            <param index="81">
              <value>
                <![CDATA[Victoria]]>
              </value>
            </param>
            <param index="82">
              <value>
                <![CDATA[syd,Sydney]]>
              </value>
            </param>
          </params>
          <reporter-output>
          </reporter-output>
        </test-method> <!-- ajalaB2Cforflight -->
        <test-method is-config="true" signature="afterMetod()[pri:0, instance:ajalaXchangeB2C.FlightBooking@7bd4937b]" started-at="2023-09-21T11:28:26 IST" name="afterMetod" finished-at="2023-09-21T11:28:26 IST" duration-ms="229" status="PASS">
          <reporter-output>
          </reporter-output>
        </test-method> <!-- afterMetod -->
        <test-method signature="ajalaB2Cforflight(java.lang.String,java.lang.String,java.lang.String,java.lang.String,java.lang.String,java.lang.String,java.lang.String,java.lang.String,java.lang.String,java.lang.String,java.lang.String,java.lang.String,java.lang.String,java.lang.String,java.lang.String,java.lang.String,java.lang.String,java.lang.String,java.lang.String,java.lang.String,java.lang.String,java.lang.String,java.lang.String,java.lang.String,java.lang.String,java.lang.String,java.lang.String,java.lang.String,java.lang.String,java.lang.String,java.lang.String,java.lang.String,java.lang.String,java.lang.String,java.lang.String,java.lang.String,java.lang.String,java.lang.String,java.lang.String,java.lang.String,java.lang.String,java.lang.String,java.lang.String,java.lang.String,java.lang.String,java.lang.String,java.lang.String,java.lang.String,java.lang.String,java.lang.String,java.lang.String,java.lang.String,java.lang.String,java.lang.String,java.lang.String,java.lang.String,java.lang.String,java.lang.String,java.lang.String,java.lang.String,java.lang.String,java.lang.String,java.lang.String,java.lang.String,java.lang.String,java.lang.String,java.lang.String,java.lang.String,java.lang.String,java.lang.String,java.lang.String,java.lang.String,java.lang.String,java.lang.String,java.lang.String,java.lang.String,java.lang.String,java.lang.String,java.lang.String,java.lang.String,java.lang.String,java.lang.String,java.lang.String)[pri:0, instance:ajalaXchangeB2C.FlightBooking@7bd4937b]" started-at="2023-09-21T11:28:26 IST" name="ajalaB2Cforflight" data-provider="getexceldata" finished-at="2023-09-21T11:31:52 IST" duration-ms="206366" status="PASS">
          <params>
            <param index="0">
              <value>
                <![CDATA[Test Flight 2]]>
              </value>
            </param>
            <param index="1">
              <value>
                <![CDATA[Positive]]>
              </value>
            </param>
            <param index="2">
              <value>
                <![CDATA[Verify one way flight booking with Individual for International]]>
              </value>
            </param>
            <param index="3">
              <value>
                <![CDATA[Guest]]>
              </value>
            </param>
            <param index="4">
              <value>
                <![CDATA[b2c]]>
              </value>
            </param>
            <param index="5">
              <value>
                <![CDATA[//xchangev12/Ajala/]]>
              </value>
            </param>
            <param index="6">
              <value>
                <![CDATA[shubham.natkar@quadlabs.com]]>
              </value>
            </param>
            <param index="7">
              <value>
                <![CDATA[Admin@123]]>
              </value>
            </param>
            <param index="8">
              <value>
                <![CDATA[OneWay]]>
              </value>
            </param>
            <param index="9">
              <value>
                <![CDATA[International]]>
              </value>
            </param>
            <param index="10">
              <value>
                <![CDATA[del]]>
              </value>
            </param>
            <param index="11">
              <value>
                <![CDATA[Delhi, India - Indira Gandhi Intl (DEL)]]>
              </value>
            </param>
            <param index="12">
              <value>
                <![CDATA[bom]]>
              </value>
            </param>
            <param index="13">
              <value>
                <![CDATA[Mumbai, India - Shivaji Terminal (BOM)]]>
              </value>
            </param>
            <param index="14">
              <value>
                <![CDATA[12-October-2023]]>
              </value>
            </param>
            <param index="15">
              <value>
                <![CDATA[12-October-2023]]>
              </value>
            </param>
            <param index="16">
              <value>
                <![CDATA[1]]>
              </value>
            </param>
            <param index="17">
              <value>
                <![CDATA[0]]>
              </value>
            </param>
            <param index="18">
              <value>
                <![CDATA[0]]>
              </value>
            </param>
            <param index="19">
              <value>
                <![CDATA[Yes]]>
              </value>
            </param>
            <param index="20">
              <value>
                <![CDATA[AUD]]>
              </value>
            </param>
            <param index="21">
              <value>
                <![CDATA[Economy]]>
              </value>
            </param>
            <param index="22">
              <value>
                <![CDATA[3]]>
              </value>
            </param>
            <param index="23">
              <value>
                <![CDATA[air india,gulf air,Oman air]]>
              </value>
            </param>
            <param index="24">
              <value>
                <![CDATA[No]]>
              </value>
            </param>
            <param index="25">
              <value>
                <![CDATA[No]]>
              </value>
            </param>
            <param index="26">
              <value>
                <![CDATA[No]]>
              </value>
            </param>
            <param index="27">
              <value>
                <![CDATA[Yes]]>
              </value>
            </param>
            <param index="28">
              <value>
                <![CDATA[OneWay]]>
              </value>
            </param>
            <param index="29">
              <value>
                <![CDATA[International]]>
              </value>
            </param>
            <param index="30">
              <value>
                <![CDATA[del]]>
              </value>
            </param>
            <param index="31">
              <value>
                <![CDATA[Delhi, India - Indira Gandhi Intl (DEL)]]>
              </value>
            </param>
            <param index="32">
              <value>
                <![CDATA[bom]]>
              </value>
            </param>
            <param index="33">
              <value>
                <![CDATA[Mumbai, India - Shivaji Terminal (BOM)]]>
              </value>
            </param>
            <param index="34">
              <value>
                <![CDATA[Yes]]>
              </value>
            </param>
            <param index="35">
              <value>
                <![CDATA[23-Oct-2023]]>
              </value>
            </param>
            <param index="36">
              <value>
                <![CDATA[25-Oct-2023]]>
              </value>
            </param>
            <param index="37">
              <value>
                <![CDATA[Yes]]>
              </value>
            </param>
            <param index="38">
              <value>
                <![CDATA[1]]>
              </value>
            </param>
            <param index="39">
              <value>
                <![CDATA[0]]>
              </value>
            </param>
            <param index="40">
              <value>
                <![CDATA[0]]>
              </value>
            </param>
            <param index="41">
              <value>
                <![CDATA[Yes]]>
              </value>
            </param>
            <param index="42">
              <value>
                <![CDATA[Economy]]>
              </value>
            </param>
            <param index="43">
              <value>
                <![CDATA[No]]>
              </value>
            </param>
            <param index="44">
              <value>
                <![CDATA[Yes]]>
              </value>
            </param>
            <param index="45">
              <value>
                <![CDATA[INR]]>
              </value>
            </param>
            <param index="46">
              <value>
                <![CDATA[2]]>
              </value>
            </param>
            <param index="47">
              <value>
                <![CDATA[air india,gulf air]]>
              </value>
            </param>
            <param index="48">
              <value>
                <![CDATA[No]]>
              </value>
            </param>
            <param index="49">
              <value>
                <![CDATA[All]]>
              </value>
            </param>
            <param index="50">
              <value>
                <![CDATA[Vistara]]>
              </value>
            </param>
            <param index="51">
              <value>
                <![CDATA[Mr,Mrs]]>
              </value>
            </param>
            <param index="52">
              <value>
                <![CDATA[Sonu Bansal,Sonia Yadav]]>
              </value>
            </param>
            <param index="53">
              <value>
                <![CDATA[25-Nov-2009,23-May-1986]]>
              </value>
            </param>
            <param index="54">
              <value>
                <![CDATA[shubham.natkar@quadlabs.com]]>
              </value>
            </param>
            <param index="55">
              <value>
                <![CDATA[9487689453,7825645669]]>
              </value>
            </param>
            <param index="56">
              <value>
                <![CDATA[78AJI0321K,897NKJ233G]]>
              </value>
            </param>
            <param index="57">
              <value>
                <![CDATA[India,Indonesia]]>
              </value>
            </param>
            <param index="58">
              <value>
                <![CDATA[23-Mar-2030,30-Jun-2028]]>
              </value>
            </param>
            <param index="59">
              <value>
                <![CDATA[Indian,Indian]]>
              </value>
            </param>
            <param index="60">
              <value>
                <![CDATA[Miss,Mstr]]>
              </value>
            </param>
            <param index="61">
              <value>
                <![CDATA[Devi Shukla,Abhisha Kanal]]>
              </value>
            </param>
            <param index="62">
              <value>
                <![CDATA[78AJ00321K,897LKJ233G]]>
              </value>
            </param>
            <param index="63">
              <value>
                <![CDATA[India,Indonesia]]>
              </value>
            </param>
            <param index="64">
              <value>
                <![CDATA[23-Feb-2026,17-Mar-2028]]>
              </value>
            </param>
            <param index="65">
              <value>
                <![CDATA[Indian,Indian]]>
              </value>
            </param>
            <param index="66">
              <value>
                <![CDATA[25-Apr-2015,13-May-2014]]>
              </value>
            </param>
            <param index="67">
              <value>
                <![CDATA[Miss,Mstr]]>
              </value>
            </param>
            <param index="68">
              <value>
                <![CDATA[Dev Jain,Abhi Sharma]]>
              </value>
            </param>
            <param index="69">
              <value>
                <![CDATA[25-Apr-2022,13-May-2022]]>
              </value>
            </param>
            <param index="70">
              <value>
                <![CDATA[Adult1,Adult2]]>
              </value>
            </param>
            <param index="71">
              <value>
                <![CDATA[78A0I0321K,897N0J233G]]>
              </value>
            </param>
            <param index="72">
              <value>
                <![CDATA[India,Indonesia]]>
              </value>
            </param>
            <param index="73">
              <value>
                <![CDATA[23-Feb-2030,17-Mar-2031]]>
              </value>
            </param>
            <param index="74">
              <value>
                <![CDATA[Indian,Indian]]>
              </value>
            </param>
            <param index="75">
              <value>
                <![CDATA[MasterCard]]>
              </value>
            </param>
            <param index="76">
              <value>
                <![CDATA[5123456789012340]]>
              </value>
            </param>
            <param index="77">
              <value>
                <![CDATA[Shubham Natkar]]>
              </value>
            </param>
            <param index="78">
              <value>
                <![CDATA[11,2040]]>
              </value>
            </param>
            <param index="79">
              <value>
                <![CDATA[123]]>
              </value>
            </param>
            <param index="80">
              <value>
                <![CDATA[Gurgaon]]>
              </value>
            </param>
            <param index="81">
              <value>
                <![CDATA[Victoria]]>
              </value>
            </param>
            <param index="82">
              <value>
                <![CDATA[syd,Sydney]]>
              </value>
            </param>
          </params>
          <reporter-output>
          </reporter-output>
        </test-method> <!-- ajalaB2Cforflight -->
        <test-method is-config="true" signature="afterMetod()[pri:0, instance:ajalaXchangeB2C.FlightBooking@7bd4937b]" started-at="2023-09-21T11:31:52 IST" name="afterMetod" finished-at="2023-09-21T11:31:52 IST" duration-ms="23" status="PASS">
          <reporter-output>
          </reporter-output>
        </test-method> <!-- afterMetod -->
        <test-method signature="ajalaB2Cforflight(java.lang.String,java.lang.String,java.lang.String,java.lang.String,java.lang.String,java.lang.String,java.lang.String,java.lang.String,java.lang.String,java.lang.String,java.lang.String,java.lang.String,java.lang.String,java.lang.String,java.lang.String,java.lang.String,java.lang.String,java.lang.String,java.lang.String,java.lang.String,java.lang.String,java.lang.String,java.lang.String,java.lang.String,java.lang.String,java.lang.String,java.lang.String,java.lang.String,java.lang.String,java.lang.String,java.lang.String,java.lang.String,java.lang.String,java.lang.String,java.lang.String,java.lang.String,java.lang.String,java.lang.String,java.lang.String,java.lang.String,java.lang.String,java.lang.String,java.lang.String,java.lang.String,java.lang.String,java.lang.String,java.lang.String,java.lang.String,java.lang.String,java.lang.String,java.lang.String,java.lang.String,java.lang.String,java.lang.String,java.lang.String,java.lang.String,java.lang.String,java.lang.String,java.lang.String,java.lang.String,java.lang.String,java.lang.String,java.lang.String,java.lang.String,java.lang.String,java.lang.String,java.lang.String,java.lang.String,java.lang.String,java.lang.String,java.lang.String,java.lang.String,java.lang.String,java.lang.String,java.lang.String,java.lang.String,java.lang.String,java.lang.String,java.lang.String,java.lang.String,java.lang.String,java.lang.String,java.lang.String)[pri:0, instance:ajalaXchangeB2C.FlightBooking@7bd4937b]" started-at="2023-09-21T11:31:52 IST" name="ajalaB2Cforflight" data-provider="getexceldata" finished-at="2023-09-21T11:35:00 IST" duration-ms="187717" status="PASS">
          <params>
            <param index="0">
              <value>
                <![CDATA[Test Flight 3]]>
              </value>
            </param>
            <param index="1">
              <value>
                <![CDATA[Positive]]>
              </value>
            </param>
            <param index="2">
              <value>
                <![CDATA[Verify round trip flight booking with Individual for Domestic]]>
              </value>
            </param>
            <param index="3">
              <value>
                <![CDATA[Guest]]>
              </value>
            </param>
            <param index="4">
              <value>
                <![CDATA[b2c]]>
              </value>
            </param>
            <param index="5">
              <value>
                <![CDATA[//xchangev12/Ajala/]]>
              </value>
            </param>
            <param index="6">
              <value>
                <![CDATA[shubham.natkar@quadlabs.com]]>
              </value>
            </param>
            <param index="7">
              <value>
                <![CDATA[Admin@123]]>
              </value>
            </param>
            <param index="8">
              <value>
                <![CDATA[RoundTrip]]>
              </value>
            </param>
            <param index="9">
              <value>
                <![CDATA[Domestic]]>
              </value>
            </param>
            <param index="10">
              <value>
                <![CDATA[syd]]>
              </value>
            </param>
            <param index="11">
              <value>
                <![CDATA[Sydney, Australia - Kingsford Smith (SYD)]]>
              </value>
            </param>
            <param index="12">
              <value>
                <![CDATA[mel]]>
              </value>
            </param>
            <param index="13">
              <value>
                <![CDATA[Melbourne, Australia - Tullamarine (MEL)]]>
              </value>
            </param>
            <param index="14">
              <value>
                <![CDATA[22-October-2023]]>
              </value>
            </param>
            <param index="15">
              <value>
                <![CDATA[24-October-2023]]>
              </value>
            </param>
            <param index="16">
              <value>
                <![CDATA[1]]>
              </value>
            </param>
            <param index="17">
              <value>
                <![CDATA[0]]>
              </value>
            </param>
            <param index="18">
              <value>
                <![CDATA[0]]>
              </value>
            </param>
            <param index="19">
              <value>
                <![CDATA[Yes]]>
              </value>
            </param>
            <param index="20">
              <value>
                <![CDATA[AUD]]>
              </value>
            </param>
            <param index="21">
              <value>
                <![CDATA[Economy]]>
              </value>
            </param>
            <param index="22">
              <value>
                <![CDATA[3]]>
              </value>
            </param>
            <param index="23">
              <value>
                <![CDATA[air india,gulf air,Oman air]]>
              </value>
            </param>
            <param index="24">
              <value>
                <![CDATA[No]]>
              </value>
            </param>
            <param index="25">
              <value>
                <![CDATA[No]]>
              </value>
            </param>
            <param index="26">
              <value>
                <![CDATA[No]]>
              </value>
            </param>
            <param index="27">
              <value>
                <![CDATA[Yes]]>
              </value>
            </param>
            <param index="28">
              <value>
                <![CDATA[RoundTrip]]>
              </value>
            </param>
            <param index="29">
              <value>
                <![CDATA[Domestic]]>
              </value>
            </param>
            <param index="30">
              <value>
                <![CDATA[syd]]>
              </value>
            </param>
            <param index="31">
              <value>
                <![CDATA[Sydney, Australia - Kingsford Smith (SYD)]]>
              </value>
            </param>
            <param index="32">
              <value>
                <![CDATA[mel]]>
              </value>
            </param>
            <param index="33">
              <value>
                <![CDATA[Melbourne, Australia - Tullamarine (MEL)]]>
              </value>
            </param>
            <param index="34">
              <value>
                <![CDATA[Yes]]>
              </value>
            </param>
            <param index="35">
              <value>
                <![CDATA[23-Oct-2023]]>
              </value>
            </param>
            <param index="36">
              <value>
                <![CDATA[25-Oct-2023]]>
              </value>
            </param>
            <param index="37">
              <value>
                <![CDATA[Yes]]>
              </value>
            </param>
            <param index="38">
              <value>
                <![CDATA[2]]>
              </value>
            </param>
            <param index="39">
              <value>
                <![CDATA[1]]>
              </value>
            </param>
            <param index="40">
              <value>
                <![CDATA[1]]>
              </value>
            </param>
            <param index="41">
              <value>
                <![CDATA[Yes]]>
              </value>
            </param>
            <param index="42">
              <value>
                <![CDATA[Economy]]>
              </value>
            </param>
            <param index="43">
              <value>
                <![CDATA[No]]>
              </value>
            </param>
            <param index="44">
              <value>
                <![CDATA[Yes]]>
              </value>
            </param>
            <param index="45">
              <value>
                <![CDATA[AUD]]>
              </value>
            </param>
            <param index="46">
              <value>
                <![CDATA[2]]>
              </value>
            </param>
            <param index="47">
              <value>
                <![CDATA[air india,gulf air]]>
              </value>
            </param>
            <param index="48">
              <value>
                <![CDATA[No]]>
              </value>
            </param>
            <param index="49">
              <value>
                <![CDATA[All]]>
              </value>
            </param>
            <param index="50">
              <value>
                <![CDATA[Vistara]]>
              </value>
            </param>
            <param index="51">
              <value>
                <![CDATA[Mr,Mrs]]>
              </value>
            </param>
            <param index="52">
              <value>
                <![CDATA[Sonu Bansal,Sonia Yadav]]>
              </value>
            </param>
            <param index="53">
              <value>
                <![CDATA[25-Nov-2009,23-May-1986]]>
              </value>
            </param>
            <param index="54">
              <value>
                <![CDATA[shubham.natkar@quadlabs.com]]>
              </value>
            </param>
            <param index="55">
              <value>
                <![CDATA[9487689453,7825645669]]>
              </value>
            </param>
            <param index="56">
              <value>
                <![CDATA[78AJI0321K,897NKJ233G]]>
              </value>
            </param>
            <param index="57">
              <value>
                <![CDATA[India,Indonesia]]>
              </value>
            </param>
            <param index="58">
              <value>
                <![CDATA[23-Mar-2030,30-Jun-2028]]>
              </value>
            </param>
            <param index="59">
              <value>
                <![CDATA[Indian,Indian]]>
              </value>
            </param>
            <param index="60">
              <value>
                <![CDATA[Miss,Mstr]]>
              </value>
            </param>
            <param index="61">
              <value>
                <![CDATA[Devi Shukla,Abhisha Kanal]]>
              </value>
            </param>
            <param index="62">
              <value>
                <![CDATA[78AJ00321K,897LKJ233G]]>
              </value>
            </param>
            <param index="63">
              <value>
                <![CDATA[India,Indonesia]]>
              </value>
            </param>
            <param index="64">
              <value>
                <![CDATA[23-Feb-2026,17-Mar-2028]]>
              </value>
            </param>
            <param index="65">
              <value>
                <![CDATA[Indian,Indian]]>
              </value>
            </param>
            <param index="66">
              <value>
                <![CDATA[25-Apr-2015,13-May-2014]]>
              </value>
            </param>
            <param index="67">
              <value>
                <![CDATA[Miss,Mstr]]>
              </value>
            </param>
            <param index="68">
              <value>
                <![CDATA[Dev Jain,Abhi Sharma]]>
              </value>
            </param>
            <param index="69">
              <value>
                <![CDATA[25-Apr-2022,13-May-2022]]>
              </value>
            </param>
            <param index="70">
              <value>
                <![CDATA[Adult1,Adult2]]>
              </value>
            </param>
            <param index="71">
              <value>
                <![CDATA[78A0I0321K,897N0J233G]]>
              </value>
            </param>
            <param index="72">
              <value>
                <![CDATA[India,Indonesia]]>
              </value>
            </param>
            <param index="73">
              <value>
                <![CDATA[23-Feb-2030,17-Mar-2031]]>
              </value>
            </param>
            <param index="74">
              <value>
                <![CDATA[Indian,Indian]]>
              </value>
            </param>
            <param index="75">
              <value>
                <![CDATA[MasterCard]]>
              </value>
            </param>
            <param index="76">
              <value>
                <![CDATA[5123456789012340]]>
              </value>
            </param>
            <param index="77">
              <value>
                <![CDATA[Shubham Natkar]]>
              </value>
            </param>
            <param index="78">
              <value>
                <![CDATA[11,2040]]>
              </value>
            </param>
            <param index="79">
              <value>
                <![CDATA[123]]>
              </value>
            </param>
            <param index="80">
              <value>
                <![CDATA[Gurgaon]]>
              </value>
            </param>
            <param index="81">
              <value>
                <![CDATA[Victoria]]>
              </value>
            </param>
            <param index="82">
              <value>
                <![CDATA[syd,Sydney]]>
              </value>
            </param>
          </params>
          <reporter-output>
          </reporter-output>
        </test-method> <!-- ajalaB2Cforflight -->
        <test-method is-config="true" signature="afterMetod()[pri:0, instance:ajalaXchangeB2C.FlightBooking@7bd4937b]" started-at="2023-09-21T11:35:00 IST" name="afterMetod" finished-at="2023-09-21T11:35:00 IST" duration-ms="23" status="PASS">
          <reporter-output>
          </reporter-output>
        </test-method> <!-- afterMetod -->
        <test-method signature="ajalaB2Cforflight(java.lang.String,java.lang.String,java.lang.String,java.lang.String,java.lang.String,java.lang.String,java.lang.String,java.lang.String,java.lang.String,java.lang.String,java.lang.String,java.lang.String,java.lang.String,java.lang.String,java.lang.String,java.lang.String,java.lang.String,java.lang.String,java.lang.String,java.lang.String,java.lang.String,java.lang.String,java.lang.String,java.lang.String,java.lang.String,java.lang.String,java.lang.String,java.lang.String,java.lang.String,java.lang.String,java.lang.String,java.lang.String,java.lang.String,java.lang.String,java.lang.String,java.lang.String,java.lang.String,java.lang.String,java.lang.String,java.lang.String,java.lang.String,java.lang.String,java.lang.String,java.lang.String,java.lang.String,java.lang.String,java.lang.String,java.lang.String,java.lang.String,java.lang.String,java.lang.String,java.lang.String,java.lang.String,java.lang.String,java.lang.String,java.lang.String,java.lang.String,java.lang.String,java.lang.String,java.lang.String,java.lang.String,java.lang.String,java.lang.String,java.lang.String,java.lang.String,java.lang.String,java.lang.String,java.lang.String,java.lang.String,java.lang.String,java.lang.String,java.lang.String,java.lang.String,java.lang.String,java.lang.String,java.lang.String,java.lang.String,java.lang.String,java.lang.String,java.lang.String,java.lang.String,java.lang.String,java.lang.String)[pri:0, instance:ajalaXchangeB2C.FlightBooking@7bd4937b]" started-at="2023-09-21T11:35:00 IST" name="ajalaB2Cforflight" data-provider="getexceldata" finished-at="2023-09-21T11:36:16 IST" duration-ms="75427" status="FAIL">
          <params>
            <param index="0">
              <value>
                <![CDATA[Test Flight 4]]>
              </value>
            </param>
            <param index="1">
              <value>
                <![CDATA[Positive]]>
              </value>
            </param>
            <param index="2">
              <value>
                <![CDATA[Verify round trip flight booking with Individual for International]]>
              </value>
            </param>
            <param index="3">
              <value>
                <![CDATA[Guest]]>
              </value>
            </param>
            <param index="4">
              <value>
                <![CDATA[b2c]]>
              </value>
            </param>
            <param index="5">
              <value>
                <![CDATA[//xchangev12/Ajala/]]>
              </value>
            </param>
            <param index="6">
              <value>
                <![CDATA[shubham.natkar@quadlabs.com]]>
              </value>
            </param>
            <param index="7">
              <value>
                <![CDATA[Admin@123]]>
              </value>
            </param>
            <param index="8">
              <value>
                <![CDATA[RoundTrip]]>
              </value>
            </param>
            <param index="9">
              <value>
                <![CDATA[International]]>
              </value>
            </param>
            <param index="10">
              <value>
                <![CDATA[del]]>
              </value>
            </param>
            <param index="11">
              <value>
                <![CDATA[Delhi, India - Indira Gandhi Intl (DEL)]]>
              </value>
            </param>
            <param index="12">
              <value>
                <![CDATA[bom]]>
              </value>
            </param>
            <param index="13">
              <value>
                <![CDATA[Mumbai, India - Shivaji Terminal (BOM)]]>
              </value>
            </param>
            <param index="14">
              <value>
                <![CDATA[23-October-2023]]>
              </value>
            </param>
            <param index="15">
              <value>
                <![CDATA[25-October-2023]]>
              </value>
            </param>
            <param index="16">
              <value>
                <![CDATA[1]]>
              </value>
            </param>
            <param index="17">
              <value>
                <![CDATA[0]]>
              </value>
            </param>
            <param index="18">
              <value>
                <![CDATA[0]]>
              </value>
            </param>
            <param index="19">
              <value>
                <![CDATA[Yes]]>
              </value>
            </param>
            <param index="20">
              <value>
                <![CDATA[AUD]]>
              </value>
            </param>
            <param index="21">
              <value>
                <![CDATA[Economy]]>
              </value>
            </param>
            <param index="22">
              <value>
                <![CDATA[3]]>
              </value>
            </param>
            <param index="23">
              <value>
                <![CDATA[air india,gulf air,Oman air]]>
              </value>
            </param>
            <param index="24">
              <value>
                <![CDATA[No]]>
              </value>
            </param>
            <param index="25">
              <value>
                <![CDATA[No]]>
              </value>
            </param>
            <param index="26">
              <value>
                <![CDATA[No]]>
              </value>
            </param>
            <param index="27">
              <value>
                <![CDATA[Yes]]>
              </value>
            </param>
            <param index="28">
              <value>
                <![CDATA[RoundTrip]]>
              </value>
            </param>
            <param index="29">
              <value>
                <![CDATA[Domestic]]>
              </value>
            </param>
            <param index="30">
              <value>
                <![CDATA[syd]]>
              </value>
            </param>
            <param index="31">
              <value>
                <![CDATA[Sydney, Australia - Kingsford Smith (SYD)]]>
              </value>
            </param>
            <param index="32">
              <value>
                <![CDATA[mel]]>
              </value>
            </param>
            <param index="33">
              <value>
                <![CDATA[Melbourne, Australia - Tullamarine (MEL)]]>
              </value>
            </param>
            <param index="34">
              <value>
                <![CDATA[Yes]]>
              </value>
            </param>
            <param index="35">
              <value>
                <![CDATA[23-Oct-2023]]>
              </value>
            </param>
            <param index="36">
              <value>
                <![CDATA[25-Oct-2023]]>
              </value>
            </param>
            <param index="37">
              <value>
                <![CDATA[Yes]]>
              </value>
            </param>
            <param index="38">
              <value>
                <![CDATA[2]]>
              </value>
            </param>
            <param index="39">
              <value>
                <![CDATA[1]]>
              </value>
            </param>
            <param index="40">
              <value>
                <![CDATA[1]]>
              </value>
            </param>
            <param index="41">
              <value>
                <![CDATA[Yes]]>
              </value>
            </param>
            <param index="42">
              <value>
                <![CDATA[Economy]]>
              </value>
            </param>
            <param index="43">
              <value>
                <![CDATA[No]]>
              </value>
            </param>
            <param index="44">
              <value>
                <![CDATA[Yes]]>
              </value>
            </param>
            <param index="45">
              <value>
                <![CDATA[AUD]]>
              </value>
            </param>
            <param index="46">
              <value>
                <![CDATA[2]]>
              </value>
            </param>
            <param index="47">
              <value>
                <![CDATA[air india,gulf air]]>
              </value>
            </param>
            <param index="48">
              <value>
                <![CDATA[No]]>
              </value>
            </param>
            <param index="49">
              <value>
                <![CDATA[All]]>
              </value>
            </param>
            <param index="50">
              <value>
                <![CDATA[Vistara]]>
              </value>
            </param>
            <param index="51">
              <value>
                <![CDATA[Mr,Mrs]]>
              </value>
            </param>
            <param index="52">
              <value>
                <![CDATA[Sonu Bansal,Sonia Yadav]]>
              </value>
            </param>
            <param index="53">
              <value>
                <![CDATA[25-Nov-2009,23-May-1986]]>
              </value>
            </param>
            <param index="54">
              <value>
                <![CDATA[shubham.natkar@quadlabs.com]]>
              </value>
            </param>
            <param index="55">
              <value>
                <![CDATA[9487689453,7825645669]]>
              </value>
            </param>
            <param index="56">
              <value>
                <![CDATA[78AJI0321K,897NKJ233G]]>
              </value>
            </param>
            <param index="57">
              <value>
                <![CDATA[India,Indonesia]]>
              </value>
            </param>
            <param index="58">
              <value>
                <![CDATA[23-Mar-2030,30-Jun-2028]]>
              </value>
            </param>
            <param index="59">
              <value>
                <![CDATA[Indian,Indian]]>
              </value>
            </param>
            <param index="60">
              <value>
                <![CDATA[Miss,Mstr]]>
              </value>
            </param>
            <param index="61">
              <value>
                <![CDATA[Devi Shukla,Abhisha Kanal]]>
              </value>
            </param>
            <param index="62">
              <value>
                <![CDATA[78AJ00321K,897LKJ233G]]>
              </value>
            </param>
            <param index="63">
              <value>
                <![CDATA[India,Indonesia]]>
              </value>
            </param>
            <param index="64">
              <value>
                <![CDATA[23-Feb-2026,17-Mar-2028]]>
              </value>
            </param>
            <param index="65">
              <value>
                <![CDATA[Indian,Indian]]>
              </value>
            </param>
            <param index="66">
              <value>
                <![CDATA[25-Apr-2015,13-May-2014]]>
              </value>
            </param>
            <param index="67">
              <value>
                <![CDATA[Miss,Mstr]]>
              </value>
            </param>
            <param index="68">
              <value>
                <![CDATA[Dev Jain,Abhi Sharma]]>
              </value>
            </param>
            <param index="69">
              <value>
                <![CDATA[25-Apr-2022,13-May-2022]]>
              </value>
            </param>
            <param index="70">
              <value>
                <![CDATA[Adult1,Adult2]]>
              </value>
            </param>
            <param index="71">
              <value>
                <![CDATA[78A0I0321K,897N0J233G]]>
              </value>
            </param>
            <param index="72">
              <value>
                <![CDATA[India,Indonesia]]>
              </value>
            </param>
            <param index="73">
              <value>
                <![CDATA[23-Feb-2030,17-Mar-2031]]>
              </value>
            </param>
            <param index="74">
              <value>
                <![CDATA[Indian,Indian]]>
              </value>
            </param>
            <param index="75">
              <value>
                <![CDATA[MasterCard]]>
              </value>
            </param>
            <param index="76">
              <value>
                <![CDATA[5123456789012340]]>
              </value>
            </param>
            <param index="77">
              <value>
                <![CDATA[Shubham Natkar]]>
              </value>
            </param>
            <param index="78">
              <value>
                <![CDATA[11,2040]]>
              </value>
            </param>
            <param index="79">
              <value>
                <![CDATA[123]]>
              </value>
            </param>
            <param index="80">
              <value>
                <![CDATA[Gurgaon]]>
              </value>
            </param>
            <param index="81">
              <value>
                <![CDATA[Victoria]]>
              </value>
            </param>
            <param index="82">
              <value>
                <![CDATA[syd,Sydney]]>
              </value>
            </param>
          </params>
          <exception class="org.openqa.selenium.NoSuchElementException">
            <message>
              <![CDATA[no such element: Unable to locate element: {"method":"xpath","selector":"/html/body/div[1]/div[2]/div/section/div[2]/div[2]/div/div/div[2]/div/div/div[1]/div/div[1]/div[3]/div[2]/a"}
  (Session info: chrome=117.0.5938.88)
For documentation on this error, please visit: https://selenium.dev/exceptions/#no_such_element
Build info: version: '4.1.4', revision: '535d840ee2'
System info: host: 'SHUBHAM', ip: '192.168.111.145', os.name: 'Windows 10', os.arch: 'amd64', os.version: '10.0', java.version: '17.0.1'
Driver info: org.openqa.selenium.chrome.ChromeDriver
Command: [b8a546067f85fb35ac0105418d72fb79, findElement {using=xpath, value=/html/body/div[1]/div[2]/div/section/div[2]/div[2]/div/div/div[2]/div/div/div[1]/div/div[1]/div[3]/div[2]/a}]
Capabilities {acceptInsecureCerts: false, browserName: chrome, browserVersion: 117.0.5938.88, chrome: {chromedriverVersion: 116.0.5845.96 (1a3918166880..., userDataDir: C:\Users\SHUBHA~1.NAT\AppDa...}, fedcm:accounts: true, goog:chromeOptions: {debuggerAddress: localhost:64128}, javascriptEnabled: true, networkConnectionEnabled: false, pageLoadStrategy: normal, platform: WINDOWS, platformName: WINDOWS, proxy: Proxy(), se:cdp: ws://localhost:64128/devtoo..., se:cdpVersion: 117.0.5938.88, setWindowRect: true, strictFileInteractability: false, timeouts: {implicit: 0, pageLoad: 300000, script: 30000}, unhandledPromptBehavior: dismiss and notify, webauthn:extension:credBlob: true, webauthn:extension:largeBlob: true, webauthn:extension:minPinLength: true, webauthn:extension:prf: true, webauthn:virtualAuthenticators: true}
Session ID: b8a546067f85fb35ac0105418d72fb79]]>
            </message>
            <full-stacktrace>
              <![CDATA[org.openqa.selenium.NoSuchElementException: no such element: Unable to locate element: {"method":"xpath","selector":"/html/body/div[1]/div[2]/div/section/div[2]/div[2]/div/div/div[2]/div/div/div[1]/div/div[1]/div[3]/div[2]/a"}
  (Session info: chrome=117.0.5938.88)
For documentation on this error, please visit: https://selenium.dev/exceptions/#no_such_element
Build info: version: '4.1.4', revision: '535d840ee2'
System info: host: 'SHUBHAM', ip: '192.168.111.145', os.name: 'Windows 10', os.arch: 'amd64', os.version: '10.0', java.version: '17.0.1'
Driver info: org.openqa.selenium.chrome.ChromeDriver
Command: [b8a546067f85fb35ac0105418d72fb79, findElement {using=xpath, value=/html/body/div[1]/div[2]/div/section/div[2]/div[2]/div/div/div[2]/div/div/div[1]/div/div[1]/div[3]/div[2]/a}]
Capabilities {acceptInsecureCerts: false, browserName: chrome, browserVersion: 117.0.5938.88, chrome: {chromedriverVersion: 116.0.5845.96 (1a3918166880..., userDataDir: C:\Users\SHUBHA~1.NAT\AppDa...}, fedcm:accounts: true, goog:chromeOptions: {debuggerAddress: localhost:64128}, javascriptEnabled: true, networkConnectionEnabled: false, pageLoadStrategy: normal, platform: WINDOWS, platformName: WINDOWS, proxy: Proxy(), se:cdp: ws://localhost:64128/devtoo..., se:cdpVersion: 117.0.5938.88, setWindowRect: true, strictFileInteractability: false, timeouts: {implicit: 0, pageLoad: 300000, script: 30000}, unhandledPromptBehavior: dismiss and notify, webauthn:extension:credBlob: true, webauthn:extension:largeBlob: true, webauthn:extension:minPinLength: true, webauthn:extension:prf: true, webauthn:virtualAuthenticators: true}
Session ID: b8a546067f85fb35ac0105418d72fb79
at java.base/jdk.internal.reflect.NativeConstructorAccessorImpl.newInstance0(Native Method)
at java.base/jdk.internal.reflect.NativeConstructorAccessorImpl.newInstance(NativeConstructorAccessorImpl.java:77)
at java.base/jdk.internal.reflect.DelegatingConstructorAccessorImpl.newInstance(DelegatingConstructorAccessorImpl.java:45)
at java.base/java.lang.reflect.Constructor.newInstanceWithCaller(Constructor.java:499)
at java.base/java.lang.reflect.Constructor.newInstance(Constructor.java:480)
at org.openqa.selenium.remote.codec.w3c.W3CHttpResponseCodec.createException(W3CHttpResponseCodec.java:200)
at org.openqa.selenium.remote.codec.w3c.W3CHttpResponseCodec.decode(W3CHttpResponseCodec.java:133)
at org.openqa.selenium.remote.codec.w3c.W3CHttpResponseCodec.decode(W3CHttpResponseCodec.java:53)
at org.openqa.selenium.remote.HttpCommandExecutor.execute(HttpCommandExecutor.java:184)
at org.openqa.selenium.remote.service.DriverCommandExecutor.invokeExecute(DriverCommandExecutor.java:167)
at org.openqa.selenium.remote.service.DriverCommandExecutor.execute(DriverCommandExecutor.java:142)
at org.openqa.selenium.remote.RemoteWebDriver.execute(RemoteWebDriver.java:567)
at org.openqa.selenium.remote.ElementLocation$ElementFinder$2.findElement(ElementLocation.java:162)
at org.openqa.selenium.remote.ElementLocation.findElement(ElementLocation.java:60)
at org.openqa.selenium.remote.RemoteWebDriver.findElement(RemoteWebDriver.java:385)
at org.openqa.selenium.remote.RemoteWebDriver.findElement(RemoteWebDriver.java:377)
at utilities.QaRobot.getLocator(QaRobot.java:52)
at utilities.QaRobot.getWebElement(QaRobot.java:82)
at utilities.QaRobot.ClickOnElement(QaRobot.java:106)
at ajalaXchangeB2C.B2cResultPage.ResultPageForFlight(B2cResultPage.java:332)
at ajalaXchangeB2C.FlightBooking.ajalaB2Cforflight(FlightBooking.java:82)
at java.base/jdk.internal.reflect.NativeMethodAccessorImpl.invoke0(Native Method)
at java.base/jdk.internal.reflect.NativeMethodAccessorImpl.invoke(NativeMethodAccessorImpl.java:77)
at java.base/jdk.internal.reflect.DelegatingMethodAccessorImpl.invoke(DelegatingMethodAccessorImpl.java:43)
at java.base/java.lang.reflect.Method.invoke(Method.java:568)
at org.testng.internal.MethodInvocationHelper.invokeMethod(MethodInvocationHelper.java:133)
at org.testng.internal.TestInvoker.invokeMethod(TestInvoker.java:598)
at org.testng.internal.TestInvoker.invokeTestMethod(TestInvoker.java:173)
at org.testng.internal.MethodRunner.runInSequence(MethodRunner.java:46)
at org.testng.internal.TestInvoker$MethodInvocationAgent.invoke(TestInvoker.java:824)
at org.testng.internal.TestInvoker.invokeTestMethods(TestInvoker.java:146)
at org.testng.internal.TestMethodWorker.invokeTestMethods(TestMethodWorker.java:146)
at org.testng.internal.TestMethodWorker.run(TestMethodWorker.java:128)
at java.base/java.util.ArrayList.forEach(ArrayList.java:1511)
at org.testng.TestRunner.privateRun(TestRunner.java:794)
at org.testng.TestRunner.run(TestRunner.java:596)
at org.testng.SuiteRunner.runTest(SuiteRunner.java:377)
at org.testng.SuiteRunner.runSequentially(SuiteRunner.java:371)
at org.testng.SuiteRunner.privateRun(SuiteRunner.java:332)
at org.testng.SuiteRunner.run(SuiteRunner.java:276)
at org.testng.SuiteRunnerWorker.runSuite(SuiteRunnerWorker.java:53)
at org.testng.SuiteRunnerWorker.run(SuiteRunnerWorker.java:96)
at org.testng.TestNG.runSuitesSequentially(TestNG.java:1212)
at org.testng.TestNG.runSuitesLocally(TestNG.java:1134)
at org.testng.TestNG.runSuites(TestNG.java:1063)
at org.testng.TestNG.run(TestNG.java:1031)
at org.testng.remote.AbstractRemoteTestNG.run(AbstractRemoteTestNG.java:115)
at org.testng.remote.RemoteTestNG.initAndRun(RemoteTestNG.java:251)
at org.testng.remote.RemoteTestNG.main(RemoteTestNG.java:77)
]]>
            </full-stacktrace>
          </exception> <!-- org.openqa.selenium.NoSuchElementException -->
          <reporter-output>
          </reporter-output>
        </test-method> <!-- ajalaB2Cforflight -->
        <test-method is-config="true" signature="afterMetod()[pri:0, instance:ajalaXchangeB2C.FlightBooking@7bd4937b]" started-at="2023-09-21T11:36:16 IST" name="afterMetod" finished-at="2023-09-21T11:36:16 IST" duration-ms="30" status="PASS">
          <reporter-output>
          </reporter-output>
        </test-method> <!-- afterMetod -->
        <test-method signature="ajalaB2Cforflight(java.lang.String,java.lang.String,java.lang.String,java.lang.String,java.lang.String,java.lang.String,java.lang.String,java.lang.String,java.lang.String,java.lang.String,java.lang.String,java.lang.String,java.lang.String,java.lang.String,java.lang.String,java.lang.String,java.lang.String,java.lang.String,java.lang.String,java.lang.String,java.lang.String,java.lang.String,java.lang.String,java.lang.String,java.lang.String,java.lang.String,java.lang.String,java.lang.String,java.lang.String,java.lang.String,java.lang.String,java.lang.String,java.lang.String,java.lang.String,java.lang.String,java.lang.String,java.lang.String,java.lang.String,java.lang.String,java.lang.String,java.lang.String,java.lang.String,java.lang.String,java.lang.String,java.lang.String,java.lang.String,java.lang.String,java.lang.String,java.lang.String,java.lang.String,java.lang.String,java.lang.String,java.lang.String,java.lang.String,java.lang.String,java.lang.String,java.lang.String,java.lang.String,java.lang.String,java.lang.String,java.lang.String,java.lang.String,java.lang.String,java.lang.String,java.lang.String,java.lang.String,java.lang.String,java.lang.String,java.lang.String,java.lang.String,java.lang.String,java.lang.String,java.lang.String,java.lang.String,java.lang.String,java.lang.String,java.lang.String,java.lang.String,java.lang.String,java.lang.String,java.lang.String,java.lang.String,java.lang.String)[pri:0, instance:ajalaXchangeB2C.FlightBooking@7bd4937b]" started-at="2023-09-21T11:36:16 IST" name="ajalaB2Cforflight" data-provider="getexceldata" finished-at="2023-09-21T11:37:57 IST" duration-ms="101013" status="FAIL">
          <params>
            <param index="0">
              <value>
                <![CDATA[Test Flight 5]]>
              </value>
            </param>
            <param index="1">
              <value>
                <![CDATA[Positive]]>
              </value>
            </param>
            <param index="2">
              <value>
                <![CDATA[Verify one way flight booking with Individual for Domestic and modify search]]>
              </value>
            </param>
            <param index="3">
              <value>
                <![CDATA[Guest]]>
              </value>
            </param>
            <param index="4">
              <value>
                <![CDATA[b2c]]>
              </value>
            </param>
            <param index="5">
              <value>
                <![CDATA[//xchangev12/Ajala/]]>
              </value>
            </param>
            <param index="6">
              <value>
                <![CDATA[shubham.natkar@quadlabs.com]]>
              </value>
            </param>
            <param index="7">
              <value>
                <![CDATA[Admin@123]]>
              </value>
            </param>
            <param index="8">
              <value>
                <![CDATA[OneWay]]>
              </value>
            </param>
            <param index="9">
              <value>
                <![CDATA[Domestic]]>
              </value>
            </param>
            <param index="10">
              <value>
                <![CDATA[syd]]>
              </value>
            </param>
            <param index="11">
              <value>
                <![CDATA[Sydney, Australia - Kingsford Smith (SYD)]]>
              </value>
            </param>
            <param index="12">
              <value>
                <![CDATA[mel]]>
              </value>
            </param>
            <param index="13">
              <value>
                <![CDATA[Melbourne, Australia - Tullamarine (MEL)]]>
              </value>
            </param>
            <param index="14">
              <value>
                <![CDATA[11-October-2023]]>
              </value>
            </param>
            <param index="15">
              <value>
                <![CDATA[11-October-2023]]>
              </value>
            </param>
            <param index="16">
              <value>
                <![CDATA[1]]>
              </value>
            </param>
            <param index="17">
              <value>
                <![CDATA[0]]>
              </value>
            </param>
            <param index="18">
              <value>
                <![CDATA[0]]>
              </value>
            </param>
            <param index="19">
              <value>
                <![CDATA[Yes]]>
              </value>
            </param>
            <param index="20">
              <value>
                <![CDATA[AUD]]>
              </value>
            </param>
            <param index="21">
              <value>
                <![CDATA[Economy]]>
              </value>
            </param>
            <param index="22">
              <value>
                <![CDATA[3]]>
              </value>
            </param>
            <param index="23">
              <value>
                <![CDATA[air india,gulf air,Oman air]]>
              </value>
            </param>
            <param index="24">
              <value>
                <![CDATA[No]]>
              </value>
            </param>
            <param index="25">
              <value>
                <![CDATA[No]]>
              </value>
            </param>
            <param index="26">
              <value>
                <![CDATA[Yes]]>
              </value>
            </param>
            <param index="27">
              <value>
                <![CDATA[Yes]]>
              </value>
            </param>
            <param index="28">
              <value>
                <![CDATA[OneWay]]>
              </value>
            </param>
            <param index="29">
              <value>
                <![CDATA[International]]>
              </value>
            </param>
            <param index="30">
              <value>
                <![CDATA[del]]>
              </value>
            </param>
            <param index="31">
              <value>
                <![CDATA[Delhi, India - Indira Gandhi Intl (DEL)]]>
              </value>
            </param>
            <param index="32">
              <value>
                <![CDATA[bom]]>
              </value>
            </param>
            <param index="33">
              <value>
                <![CDATA[Mumbai, India - Shivaji Terminal (BOM)]]>
              </value>
            </param>
            <param index="34">
              <value>
                <![CDATA[Yes]]>
              </value>
            </param>
            <param index="35">
              <value>
                <![CDATA[23-Oct-2023]]>
              </value>
            </param>
            <param index="36">
              <value>
                <![CDATA[25-Oct-2023]]>
              </value>
            </param>
            <param index="37">
              <value>
                <![CDATA[Yes]]>
              </value>
            </param>
            <param index="38">
              <value>
                <![CDATA[1]]>
              </value>
            </param>
            <param index="39">
              <value>
                <![CDATA[0]]>
              </value>
            </param>
            <param index="40">
              <value>
                <![CDATA[0]]>
              </value>
            </param>
            <param index="41">
              <value>
                <![CDATA[Yes]]>
              </value>
            </param>
            <param index="42">
              <value>
                <![CDATA[Economy]]>
              </value>
            </param>
            <param index="43">
              <value>
                <![CDATA[No]]>
              </value>
            </param>
            <param index="44">
              <value>
                <![CDATA[Yes]]>
              </value>
            </param>
            <param index="45">
              <value>
                <![CDATA[INR]]>
              </value>
            </param>
            <param index="46">
              <value>
                <![CDATA[2]]>
              </value>
            </param>
            <param index="47">
              <value>
                <![CDATA[air india,gulf air]]>
              </value>
            </param>
            <param index="48">
              <value>
                <![CDATA[No]]>
              </value>
            </param>
            <param index="49">
              <value>
                <![CDATA[All]]>
              </value>
            </param>
            <param index="50">
              <value>
                <![CDATA[Vistara]]>
              </value>
            </param>
            <param index="51">
              <value>
                <![CDATA[Mr,Mrs]]>
              </value>
            </param>
            <param index="52">
              <value>
                <![CDATA[Sonu Bansal,Sonia Yadav]]>
              </value>
            </param>
            <param index="53">
              <value>
                <![CDATA[25-Nov-2009,23-May-1986]]>
              </value>
            </param>
            <param index="54">
              <value>
                <![CDATA[shubham.natkar@quadlabs.com]]>
              </value>
            </param>
            <param index="55">
              <value>
                <![CDATA[9487689453,7825645669]]>
              </value>
            </param>
            <param index="56">
              <value>
                <![CDATA[78AJI0321K,897NKJ233G]]>
              </value>
            </param>
            <param index="57">
              <value>
                <![CDATA[India,Indonesia]]>
              </value>
            </param>
            <param index="58">
              <value>
                <![CDATA[23-Mar-2030,30-Jun-2028]]>
              </value>
            </param>
            <param index="59">
              <value>
                <![CDATA[Indian,Indian]]>
              </value>
            </param>
            <param index="60">
              <value>
                <![CDATA[Miss,Mstr]]>
              </value>
            </param>
            <param index="61">
              <value>
                <![CDATA[Devi Shukla,Abhisha Kanal]]>
              </value>
            </param>
            <param index="62">
              <value>
                <![CDATA[78AJ00321K,897LKJ233G]]>
              </value>
            </param>
            <param index="63">
              <value>
                <![CDATA[India,Indonesia]]>
              </value>
            </param>
            <param index="64">
              <value>
                <![CDATA[23-Feb-2026,17-Mar-2028]]>
              </value>
            </param>
            <param index="65">
              <value>
                <![CDATA[Indian,Indian]]>
              </value>
            </param>
            <param index="66">
              <value>
                <![CDATA[25-Apr-2015,13-May-2014]]>
              </value>
            </param>
            <param index="67">
              <value>
                <![CDATA[Miss,Mstr]]>
              </value>
            </param>
            <param index="68">
              <value>
                <![CDATA[Dev Jain,Abhi Sharma]]>
              </value>
            </param>
            <param index="69">
              <value>
                <![CDATA[25-Apr-2022,13-May-2022]]>
              </value>
            </param>
            <param index="70">
              <value>
                <![CDATA[Adult1,Adult2]]>
              </value>
            </param>
            <param index="71">
              <value>
                <![CDATA[78A0I0321K,897N0J233G]]>
              </value>
            </param>
            <param index="72">
              <value>
                <![CDATA[India,Indonesia]]>
              </value>
            </param>
            <param index="73">
              <value>
                <![CDATA[23-Feb-2030,17-Mar-2031]]>
              </value>
            </param>
            <param index="74">
              <value>
                <![CDATA[Indian,Indian]]>
              </value>
            </param>
            <param index="75">
              <value>
                <![CDATA[MasterCard]]>
              </value>
            </param>
            <param index="76">
              <value>
                <![CDATA[5123456789012340]]>
              </value>
            </param>
            <param index="77">
              <value>
                <![CDATA[Shubham Natkar]]>
              </value>
            </param>
            <param index="78">
              <value>
                <![CDATA[11,2040]]>
              </value>
            </param>
            <param index="79">
              <value>
                <![CDATA[123]]>
              </value>
            </param>
            <param index="80">
              <value>
                <![CDATA[Gurgaon]]>
              </value>
            </param>
            <param index="81">
              <value>
                <![CDATA[Victoria]]>
              </value>
            </param>
            <param index="82">
              <value>
                <![CDATA[syd,Sydney]]>
              </value>
            </param>
          </params>
          <exception class="org.openqa.selenium.NoSuchElementException">
            <message>
              <![CDATA[no such element: Unable to locate element: {"method":"xpath","selector":"(//a[@class='flght-itnry ng-binding'])[1]"}
  (Session info: chrome=117.0.5938.88)
For documentation on this error, please visit: https://selenium.dev/exceptions/#no_such_element
Build info: version: '4.1.4', revision: '535d840ee2'
System info: host: 'SHUBHAM', ip: '192.168.111.145', os.name: 'Windows 10', os.arch: 'amd64', os.version: '10.0', java.version: '17.0.1'
Driver info: org.openqa.selenium.chrome.ChromeDriver
Command: [ae9a9907a068a731cde4349261227537, findElement {using=xpath, value=(//a[@class='flght-itnry ng-binding'])[1]}]
Capabilities {acceptInsecureCerts: false, browserName: chrome, browserVersion: 117.0.5938.88, chrome: {chromedriverVersion: 116.0.5845.96 (1a3918166880..., userDataDir: C:\Users\SHUBHA~1.NAT\AppDa...}, fedcm:accounts: true, goog:chromeOptions: {debuggerAddress: localhost:64180}, javascriptEnabled: true, networkConnectionEnabled: false, pageLoadStrategy: normal, platform: WINDOWS, platformName: WINDOWS, proxy: Proxy(), se:cdp: ws://localhost:64180/devtoo..., se:cdpVersion: 117.0.5938.88, setWindowRect: true, strictFileInteractability: false, timeouts: {implicit: 0, pageLoad: 300000, script: 30000}, unhandledPromptBehavior: dismiss and notify, webauthn:extension:credBlob: true, webauthn:extension:largeBlob: true, webauthn:extension:minPinLength: true, webauthn:extension:prf: true, webauthn:virtualAuthenticators: true}
Session ID: ae9a9907a068a731cde4349261227537]]>
            </message>
            <full-stacktrace>
              <![CDATA[org.openqa.selenium.NoSuchElementException: no such element: Unable to locate element: {"method":"xpath","selector":"(//a[@class='flght-itnry ng-binding'])[1]"}
  (Session info: chrome=117.0.5938.88)
For documentation on this error, please visit: https://selenium.dev/exceptions/#no_such_element
Build info: version: '4.1.4', revision: '535d840ee2'
System info: host: 'SHUBHAM', ip: '192.168.111.145', os.name: 'Windows 10', os.arch: 'amd64', os.version: '10.0', java.version: '17.0.1'
[...]
Build info: version: '4.1.4', revision: '535d840ee2'
System info: host: 'SHUBHAM', ip: '192.168.111.145', os.name: 'Windows 10', os.arch: 'amd64', os.version: '10.0', java.version: '17.0.1'
Driver info: org.openqa.selenium.chrome.ChromeDriver
Command: [f63190a81aa7f66b17929916acae19d9, findElement {using=xpath, value=/html/body/div[1]/div[2]/div/section/div[2]/div[2]/div/div/div[2]/div/div/div[1]/div/div[1]/div[3]/div[2]/a}]
Capabilities {acceptInsecureCerts: false, browserName: chrome, browserVersion: 117.0.5938.88, chrome: {chromedriverVersion: 116.0.5845.96 (1a3918166880..., userDataDir: C:\Users\SHUBHA~1.NAT\AppDa...}, fedcm:accounts: true, goog:chromeOptions: {debuggerAddress: localhost:64902}, javascriptEnabled: true, networkConnectionEnabled: false, pageLoadStrategy: normal, platform: WINDOWS, platformName: WINDOWS, proxy: Proxy(), se:cdp: ws://localhost:64902/devtoo..., se:cdpVersion: 117.0.5938.88, setWindowRect: true, strictFileInteractability: false, timeouts: {implicit: 0, pageLoad: 300000, script: 30000}, unhandledPromptBehavior: dismiss and notify, webauthn:extension:credBlob: true, webauthn:extension:largeBlob: true, webauthn:extension:minPinLength: true, webauthn:extension:prf: true, webauthn:virtualAuthenticators: true}
Session ID: f63190a81aa7f66b17929916acae19d9
at java.base/jdk.internal.reflect.NativeConstructorAccessorImpl.newInstance0(Native Method)
at java.base/jdk.internal.reflect.NativeConstructorAccessorImpl.newInstance(NativeConstructorAccessorImpl.java:77)
at java.base/jdk.internal.reflect.DelegatingConstructorAccessorImpl.newInstance(DelegatingConstructorAccessorImpl.java:45)
at java.base/java.lang.reflect.Constructor.newInstanceWithCaller(Constructor.java:499)
at java.base/java.lang.reflect.Constructor.newInstance(Constructor.java:480)
at org.openqa.selenium.remote.codec.w3c.W3CHttpResponseCodec.createException(W3CHttpResponseCodec.java:200)
at org.openqa.selenium.remote.codec.w3c.W3CHttpResponseCodec.decode(W3CHttpResponseCodec.java:133)
at org.openqa.selenium.remote.codec.w3c.W3CHttpResponseCodec.decode(W3CHttpResponseCodec.java:53)
at org.openqa.selenium.remote.HttpCommandExecutor.execute(HttpCommandExecutor.java:184)
at org.openqa.selenium.remote.service.DriverCommandExecutor.invokeExecute(DriverCommandExecutor.java:167)
at org.openqa.selenium.remote.service.DriverCommandExecutor.execute(DriverCommandExecutor.java:142)
at org.openqa.selenium.remote.RemoteWebDriver.execute(RemoteWebDriver.java:567)
at org.openqa.selenium.remote.ElementLocation$ElementFinder$2.findElement(ElementLocation.java:162)
at org.openqa.selenium.remote.ElementLocation.findElement(ElementLocation.java:60)
at org.openqa.selenium.remote.RemoteWebDriver.findElement(RemoteWebDriver.java:385)
at org.openqa.selenium.remote.RemoteWebDriver.findElement(RemoteWebDriver.java:377)
at utilities.QaRobot.getLocator(QaRobot.java:52)
at utilities.QaRobot.getWebElement(QaRobot.java:82)
at utilities.QaRobot.ClickOnElement(QaRobot.java:106)
at ajalaXchangeB2C.B2cResultPage.ResultPageForFlight(B2cResultPage.java:332)
at ajalaXchangeB2C.FlightBooking.ajalaB2Cforflight(FlightBooking.java:82)
at java.base/jdk.internal.reflect.NativeMethodAccessorImpl.invoke0(Native Method)
at java.base/jdk.internal.reflect.NativeMethodAccessorImpl.invoke(NativeMethodAccessorImpl.java:77)
at java.base/jdk.internal.reflect.DelegatingMethodAccessorImpl.invoke(DelegatingMethodAccessorImpl.java:43)
at java.base/java.lang.reflect.Method.invoke(Method.java:568)
at org.testng.internal.MethodInvocationHelper.invokeMethod(MethodInvocationHelper.java:133)
at org.testng.internal.TestInvoker.invokeMethod(TestInvoker.java:598)
at org.testng.internal.TestInvoker.invokeTestMethod(TestInvoker.java:173)
at org.testng.internal.MethodRunner.runInSequence(MethodRunner.java:46)
at org.testng.internal.TestInvoker$MethodInvocationAgent.invoke(TestInvoker.java:824)
at org.testng.internal.TestInvoker.invokeTestMethods(TestInvoker.java:146)
at org.testng.internal.TestMethodWorker.invokeTestMethods(TestMethodWorker.java:146)
at org.testng.internal.TestMethodWorker.run(TestMethodWorker.java:128)
at java.base/java.util.ArrayList.forEach(ArrayList.java:1511)
at org.testng.TestRunner.privateRun(TestRunner.java:794)
at org.testng.TestRunner.run(TestRunner.java:596)
at org.testng.SuiteRunner.runTest(SuiteRunner.java:377)
at org.testng.SuiteRunner.runSequentially(SuiteRunner.java:371)
at org.testng.SuiteRunner.privateRun(SuiteRunner.java:332)
at org.testng.SuiteRunner.run(SuiteRunner.java:276)
at org.testng.SuiteRunnerWorker.runSuite(SuiteRunnerWorker.java:53)
at org.testng.SuiteRunnerWorker.run(SuiteRunnerWorker.java:96)
at org.testng.TestNG.runSuitesSequentially(TestNG.java:1212)
at org.testng.TestNG.runSuitesLocally(TestNG.java:1134)
at org.testng.TestNG.runSuites(TestNG.java:1063)
at org.testng.TestNG.run(TestNG.java:1031)
at org.testng.remote.AbstractRemoteTestNG.run(AbstractRemoteTestNG.java:115)
at org.testng.remote.RemoteTestNG.initAndRun(RemoteTestNG.java:251)
at org.testng.remote.RemoteTestNG.main(RemoteTestNG.java:77)
]]>
            </full-stacktrace>
          </exception> <!-- org.openqa.selenium.NoSuchElementException -->
          <reporter-output>
          </reporter-output>
        </test-method> <!-- ajalaB2Cforflight -->
        <test-method is-config="true" signature="afterMetod()[pri:0, instance:ajalaXchangeB2C.FlightBooking@7bd4937b]" started-at="2023-09-21T12:07:14 IST" name="afterMetod" finished-at="2023-09-21T12:07:14 IST" duration-ms="15" status="PASS">
          <reporter-output>
          </reporter-output>
        </test-method> <!-- afterMetod -->
        <test-method signature="ajalaB2Cforflight(java.lang.String,java.lang.String,java.lang.String,java.lang.String,java.lang.String,java.lang.String,java.lang.String,java.lang.String,java.lang.String,java.lang.String,java.lang.String,java.lang.String,java.lang.String,java.lang.String,java.lang.String,java.lang.String,java.lang.String,java.lang.String,java.lang.String,java.lang.String,java.lang.String,java.lang.String,java.lang.String,java.lang.String,java.lang.String,java.lang.String,java.lang.String,java.lang.String,java.lang.String,java.lang.String,java.lang.String,java.lang.String,java.lang.String,java.lang.String,java.lang.String,java.lang.String,java.lang.String,java.lang.String,java.lang.String,java.lang.String,java.lang.String,java.lang.String,java.lang.String,java.lang.String,java.lang.String,java.lang.String,java.lang.String,java.lang.String,java.lang.String,java.lang.String,java.lang.String,java.lang.String,java.lang.String,java.lang.String,java.lang.String,java.lang.String,java.lang.String,java.lang.String,java.lang.String,java.lang.String,java.lang.String,java.lang.String,java.lang.String,java.lang.String,java.lang.String,java.lang.String,java.lang.String,java.lang.String,java.lang.String,java.lang.String,java.lang.String,java.lang.String,java.lang.String,java.lang.String,java.lang.String,java.lang.String,java.lang.String,java.lang.String,java.lang.String,java.lang.String,java.lang.String,java.lang.String,java.lang.String)[pri:0, instance:ajalaXchangeB2C.FlightBooking@7bd4937b]" started-at="2023-09-21T12:07:14 IST" name="ajalaB2Cforflight" data-provider="getexceldata" finished-at="2023-09-21T12:12:56 IST" duration-ms="341791" status="PASS">
          <params>
            <param index="0">
              <value>
                <![CDATA[Test Flight 16]]>
              </value>
            </param>
            <param index="1">
              <value>
                <![CDATA[Positive]]>
              </value>
            </param>
            <param index="2">
              <value>
                <![CDATA[Verify round trip flight booking with multi passenger for International and modify search]]>
              </value>
            </param>
            <param index="3">
              <value>
                <![CDATA[Guest]]>
              </value>
            </param>
            <param index="4">
              <value>
                <![CDATA[b2c]]>
              </value>
            </param>
            <param index="5">
              <value>
                <![CDATA[//xchangev12/Ajala/]]>
              </value>
            </param>
            <param index="6">
              <value>
                <![CDATA[shubham.natkar@quadlabs.com]]>
              </value>
            </param>
            <param index="7">
              <value>
                <![CDATA[Admin@123]]>
              </value>
            </param>
            <param index="8">
              <value>
                <![CDATA[RoundTrip]]>
              </value>
            </param>
            <param index="9">
              <value>
                <![CDATA[International]]>
              </value>
            </param>
            <param index="10">
              <value>
                <![CDATA[del]]>
              </value>
            </param>
            <param index="11">
              <value>
                <![CDATA[Delhi, India - Indira Gandhi Intl (DEL)]]>
              </value>
            </param>
            <param index="12">
              <value>
                <![CDATA[bom]]>
              </value>
            </param>
            <param index="13">
              <value>
                <![CDATA[Mumbai, India - Shivaji Terminal (BOM)]]>
              </value>
            </param>
            <param index="14">
              <value>
                <![CDATA[23-October-2023]]>
              </value>
            </param>
            <param index="15">
              <value>
                <![CDATA[25-October-2023]]>
              </value>
            </param>
            <param index="16">
              <value>
                <![CDATA[2]]>
              </value>
            </param>
            <param index="17">
              <value>
                <![CDATA[1]]>
              </value>
            </param>
            <param index="18">
              <value>
                <![CDATA[1]]>
              </value>
            </param>
            <param index="19">
              <value>
                <![CDATA[Yes]]>
              </value>
            </param>
            <param index="20">
              <value>
                <![CDATA[AUD]]>
              </value>
            </param>
            <param index="21">
              <value>
                <![CDATA[Economy]]>
              </value>
            </param>
            <param index="22">
              <value>
                <![CDATA[3]]>
              </value>
            </param>
            <param index="23">
              <value>
                <![CDATA[air india,gulf air,Oman air]]>
              </value>
            </param>
            <param index="24">
              <value>
                <![CDATA[No]]>
              </value>
            </param>
            <param index="25">
              <value>
                <![CDATA[No]]>
              </value>
            </param>
            <param index="26">
              <value>
                <![CDATA[Yes]]>
              </value>
            </param>
            <param index="27">
              <value>
                <![CDATA[Yes]]>
              </value>
            </param>
            <param index="28">
              <value>
                <![CDATA[RoundTrip]]>
              </value>
            </param>
            <param index="29">
              <value>
                <![CDATA[Domestic]]>
              </value>
            </param>
            <param index="30">
              <value>
                <![CDATA[syd]]>
              </value>
            </param>
            <param index="31">
              <value>
                <![CDATA[Sydney, Australia - Kingsford Smith (SYD)]]>
              </value>
            </param>
            <param index="32">
              <value>
                <![CDATA[mel]]>
              </value>
            </param>
            <param index="33">
              <value>
                <![CDATA[Melbourne, Australia - Tullamarine (MEL)]]>
              </value>
            </param>
            <param index="34">
              <value>
                <![CDATA[Yes]]>
              </value>
            </param>
            <param index="35">
              <value>
                <![CDATA[23-Oct-2023]]>
              </value>
            </param>
            <param index="36">
              <value>
                <![CDATA[25-Oct-2023]]>
              </value>
            </param>
            <param index="37">
              <value>
                <![CDATA[Yes]]>
              </value>
            </param>
            <param index="38">
              <value>
                <![CDATA[2]]>
              </value>
            </param>
            <param index="39">
              <value>
                <![CDATA[1]]>
              </value>
            </param>
            <param index="40">
              <value>
                <![CDATA[1]]>
              </value>
            </param>
            <param index="41">
              <value>
                <![CDATA[Yes]]>
              </value>
            </param>
            <param index="42">
              <value>
                <![CDATA[Economy]]>
              </value>
            </param>
            <param index="43">
              <value>
                <![CDATA[No]]>
              </value>
            </param>
            <param index="44">
              <value>
                <![CDATA[Yes]]>
              </value>
            </param>
            <param index="45">
              <value>
                <![CDATA[AUD]]>
              </value>
            </param>
            <param index="46">
              <value>
                <![CDATA[2]]>
              </value>
            </param>
            <param index="47">
              <value>
                <![CDATA[air india,gulf air]]>
              </value>
            </param>
            <param index="48">
              <value>
                <![CDATA[No]]>
              </value>
            </param>
            <param index="49">
              <value>
                <![CDATA[All]]>
              </value>
            </param>
            <param index="50">
              <value>
                <![CDATA[Vistara]]>
              </value>
            </param>
            <param index="51">
              <value>
                <![CDATA[Mr,Mrs]]>
              </value>
            </param>
            <param index="52">
              <value>
                <![CDATA[Sonu Bansal,Sonia Yadav]]>
              </value>
            </param>
            <param index="53">
              <value>
                <![CDATA[25-Nov-2009,23-May-1986]]>
              </value>
            </param>
            <param index="54">
              <value>
                <![CDATA[shubham.natkar@quadlabs.com]]>
              </value>
            </param>
            <param index="55">
              <value>
                <![CDATA[9487689453,7825645669]]>
              </value>
            </param>
            <param index="56">
              <value>
                <![CDATA[78AJI0321K,897NKJ233G]]>
              </value>
            </param>
            <param index="57">
              <value>
                <![CDATA[India,Indonesia]]>
              </value>
            </param>
            <param index="58">
              <value>
                <![CDATA[23-Mar-2030,30-Jun-2028]]>
              </value>
            </param>
            <param index="59">
              <value>
                <![CDATA[Indian,Indian]]>
              </value>
            </param>
            <param index="60">
              <value>
                <![CDATA[Miss,Mstr]]>
              </value>
            </param>
            <param index="61">
              <value>
                <![CDATA[Devi Shukla,Abhisha Kanal]]>
              </value>
            </param>
            <param index="62">
              <value>
                <![CDATA[78AJ00321K,897LKJ233G]]>
              </value>
            </param>
            <param index="63">
              <value>
                <![CDATA[India,Indonesia]]>
              </value>
            </param>
            <param index="64">
              <value>
                <![CDATA[23-Feb-2026,17-Mar-2028]]>
              </value>
            </param>
            <param index="65">
              <value>
                <![CDATA[Indian,Indian]]>
              </value>
            </param>
            <param index="66">
              <value>
                <![CDATA[25-Apr-2015,13-May-2014]]>
              </value>
            </param>
            <param index="67">
              <value>
                <![CDATA[Miss,Mstr]]>
              </value>
            </param>
            <param index="68">
              <value>
                <![CDATA[Dev Jain,Abhi Sharma]]>
              </value>
            </param>
            <param index="69">
              <value>
                <![CDATA[25-Apr-2022,13-May-2022]]>
              </value>
            </param>
            <param index="70">
              <value>
                <![CDATA[Adult1,Adult2]]>
              </value>
            </param>
            <param index="71">
              <value>
                <![CDATA[78A0I0321K,897N0J233G]]>
              </value>
            </param>
            <param index="72">
              <value>
                <![CDATA[India,Indonesia]]>
              </value>
            </param>
            <param index="73">
              <value>
                <![CDATA[23-Feb-2030,17-Mar-2031]]>
              </value>
            </param>
            <param index="74">
              <value>
                <![CDATA[Indian,Indian]]>
              </value>
            </param>
            <param index="75">
              <value>
                <![CDATA[MasterCard]]>
              </value>
            </param>
            <param index="76">
              <value>
                <![CDATA[5123456789012340]]>
              </value>
            </param>
            <param index="77">
              <value>
                <![CDATA[Shubham Natkar]]>
              </value>
            </param>
            <param index="78">
              <value>
                <![CDATA[11,2040]]>
              </value>
            </param>
            <param index="79">
              <value>
                <![CDATA[123]]>
              </value>
            </param>
            <param index="80">
              <value>
                <![CDATA[Gurgaon]]>
              </value>
            </param>
            <param index="81">
              <value>
                <![CDATA[Victoria]]>
              </value>
            </param>
            <param index="82">
              <value>
                <![CDATA[syd,Sydney]]>
              </value>
            </param>
          </params>
          <reporter-output>
          </reporter-output>
        </test-method> <!-- ajalaB2Cforflight -->
        <test-method is-config="true" signature="afterMetod()[pri:0, instance:ajalaXchangeB2C.FlightBooking@7bd4937b]" started-at="2023-09-21T12:12:56 IST" name="afterMetod" finished-at="2023-09-21T12:12:56 IST" duration-ms="18" status="PASS">
          <reporter-output>
          </reporter-output>
        </test-method> <!-- afterMetod -->
      </class> <!-- ajalaXchangeB2C.FlightBooking -->
    </test> <!-- Test -->
  </suite> <!-- Suite -->
</testng-results>
