<?xml version="1.0" encoding="UTF-8"?>
<testng-results ignored="0" total="2" passed="2" failed="0" skipped="0">
  <reporter-output>
  </reporter-output>
  <suite started-at="2023-07-04T16:30:39 IST" name="Suite" finished-at="2023-07-04T16:38:34 IST" duration-ms="475285">
    <groups>
    </groups>
    <test started-at="2023-07-04T16:30:39 IST" name="Test" finished-at="2023-07-04T16:38:34 IST" duration-ms="475285">
      <class name="dnataForAUH.DnataInsuranceForAUH">
        <test-method signature="dnataInsurance(java.lang.String,java.lang.String,java.lang.String,java.lang.String,java.lang.String,java.lang.String,java.lang.String,java.lang.String,java.lang.String,java.lang.String,java.lang.String,java.lang.String,java.lang.String,java.lang.String,java.lang.String,java.lang.String,java.lang.String,java.lang.String,java.lang.String,java.lang.String,java.lang.String,java.lang.String,java.lang.String,java.lang.String,java.lang.String,java.lang.String,java.lang.String,java.lang.String,java.lang.String,java.lang.String,java.lang.String,java.lang.String,java.lang.String,java.lang.String,java.lang.String,java.lang.String,java.lang.String,java.lang.String,java.lang.String,java.lang.String,java.lang.String,java.lang.String,java.lang.String,java.lang.String)[pri:0, instance:dnataForAUH.DnataInsuranceForAUH@7bd4937b]" started-at="2023-07-04T16:30:40 IST" name="dnataInsurance" data-provider="getexceldata" finished-at="2023-07-04T16:35:43 IST" duration-ms="302963" status="PASS">
          <params>
            <param index="0">
              <value>
                <![CDATA[Test Insurance 1]]>
              </value>
            </param>
            <param index="1">
              <value>
                <![CDATA[Positive]]>
              </value>
            </param>
            <param index="2">
              <value>
                <![CDATA[Verify Individual Insurance with Book Now(Quote)functionality]]>
              </value>
            </param>
            <param index="3">
              <value>
                <![CDATA[mo]]>
              </value>
            </param>
            <param index="4">
              <value>
                <![CDATA[//aceuat.dnata.com/backoffice/loginggn.aspx]]>
              </value>
            </param>
            <param index="5">
              <value>
                <![CDATA[dnah]]>
              </value>
            </param>
            <param index="6">
              <value>
                <![CDATA[Shekhar]]>
              </value>
            </param>
            <param index="7">
              <value>
                <![CDATA[Shekhar@123]]>
              </value>
            </param>
            <param index="8">
              <value>
                <![CDATA[Vinay Pathak]]>
              </value>
            </param>
            <param index="9">
              <value>
                <![CDATA[BusinessTravel]]>
              </value>
            </param>
            <param index="10">
              <value>
                <![CDATA[Individual]]>
              </value>
            </param>
            <param index="11">
              <value>
                <![CDATA[dxb]]>
              </value>
            </param>
            <param index="12">
              <value>
                <![CDATA[Dubai, United Arab Emirates - All Airports (DXB)]]>
              </value>
            </param>
            <param index="13">
              <value>
                <![CDATA[mus]]>
              </value>
            </param>
            <param index="14">
              <value>
                <![CDATA[Muscat, Oman - Seeb (MCT)]]>
              </value>
            </param>
            <param index="15">
              <value>
                <![CDATA[26-August-2024]]>
              </value>
            </param>
            <param index="16">
              <value>
                <![CDATA[27-August-2024]]>
              </value>
            </param>
            <param index="17">
              <value>
                <![CDATA[Individual]]>
              </value>
            </param>
            <param index="18">
              <value>
                <![CDATA[1]]>
              </value>
            </param>
            <param index="19">
              <value>
                <![CDATA[30-Aug-2019]]>
              </value>
            </param>
            <param index="20">
              <value>
                <![CDATA[FOP - Cash]]>
              </value>
            </param>
            <param index="21">
              <value>
                <![CDATA[No]]>
              </value>
            </param>
            <param index="22">
              <value>
                <![CDATA[Yes]]>
              </value>
            </param>
            <param index="23">
              <value>
                <![CDATA[dxb]]>
              </value>
            </param>
            <param index="24">
              <value>
                <![CDATA[Dubai, United Arab Emirates - All Airports (DXB)]]>
              </value>
            </param>
            <param index="25">
              <value>
                <![CDATA[mus]]>
              </value>
            </param>
            <param index="26">
              <value>
                <![CDATA[Muscat, Oman - Seeb (MCT)]]>
              </value>
            </param>
            <param index="27">
              <value>
                <![CDATA[Yes]]>
              </value>
            </param>
            <param index="28">
              <value>
                <![CDATA[18-Mar-2023]]>
              </value>
            </param>
            <param index="29">
              <value>
                <![CDATA[20-Mar-2023]]>
              </value>
            </param>
            <param index="30">
              <value>
                <![CDATA[Yes]]>
              </value>
            </param>
            <param index="31">
              <value>
                <![CDATA[Individual]]>
              </value>
            </param>
            <param index="32">
              <value>
                <![CDATA[1]]>
              </value>
            </param>
            <param index="33">
              <value>
                <![CDATA[20-Aug-2018]]>
              </value>
            </param>
            <param index="34">
              <value>
                <![CDATA[Yes]]>
              </value>
            </param>
            <param index="35">
              <value>
                <![CDATA[FOP - Cash]]>
              </value>
            </param>
            <param index="36">
              <value>
                <![CDATA[3]]>
              </value>
            </param>
            <param index="37">
              <value>
                <![CDATA[Airspace Close,Business Cover,Golf Sports Cover]]>
              </value>
            </param>
            <param index="38">
              <value>
                <![CDATA[Book Now]]>
              </value>
            </param>
            <param index="39">
              <value>
                <![CDATA[Test]]>
              </value>
            </param>
            <param index="40">
              <value>
                <![CDATA[Test]]>
              </value>
            </param>
            <param index="41">
              <value>
                <![CDATA[Quote]]>
              </value>
            </param>
            <param index="42">
              <value>
                <![CDATA[CPG]]>
              </value>
            </param>
            <param index="43">
              <value>
                <![CDATA[Master Card]]>
              </value>
            </param>
          </params>
          <reporter-output>
          </reporter-output>
        </test-method> <!-- dnataInsurance -->
        <test-method is-config="true" signature="afterMethod()[pri:0, instance:dnataForAUH.DnataInsuranceForAUH@7bd4937b]" started-at="2023-07-04T16:35:43 IST" name="afterMethod" finished-at="2023-07-04T16:35:43 IST" duration-ms="242" status="PASS">
          <reporter-output>
          </reporter-output>
        </test-method> <!-- afterMethod -->
        <test-method signature="dnataInsurance(java.lang.String,java.lang.String,java.lang.String,java.lang.String,java.lang.String,java.lang.String,java.lang.String,java.lang.String,java.lang.String,java.lang.String,java.lang.String,java.lang.String,java.lang.String,java.lang.String,java.lang.String,java.lang.String,java.lang.String,java.lang.String,java.lang.String,java.lang.String,java.lang.String,java.lang.String,java.lang.String,java.lang.String,java.lang.String,java.lang.String,java.lang.String,java.lang.String,java.lang.String,java.lang.String,java.lang.String,java.lang.String,java.lang.String,java.lang.String,java.lang.String,java.lang.String,java.lang.String,java.lang.String,java.lang.String,java.lang.String,java.lang.String,java.lang.String,java.lang.String,java.lang.String)[pri:0, instance:dnataForAUH.DnataInsuranceForAUH@7bd4937b]" started-at="2023-07-04T16:35:43 IST" name="dnataInsurance" data-provider="getexceldata" finished-at="2023-07-04T16:38:34 IST" duration-ms="170629" status="PASS">
          <params>
            <param index="0">
              <value>
                <![CDATA[Test Insurance 2]]>
              </value>
            </param>
            <param index="1">
              <value>
                <![CDATA[Positive]]>
              </value>
            </param>
            <param index="2">
              <value>
                <![CDATA[Verify Individual Insurance with Book Now(Fulfilment)functionality]]>
              </value>
            </param>
            <param index="3">
              <value>
                <![CDATA[mo]]>
              </value>
            </param>
            <param index="4">
              <value>
                <![CDATA[//aceuat.dnata.com/backoffice/loginggn.aspx]]>
              </value>
            </param>
            <param index="5">
              <value>
                <![CDATA[dnah]]>
              </value>
            </param>
            <param index="6">
              <value>
                <![CDATA[Shekhar]]>
              </value>
            </param>
            <param index="7">
              <value>
                <![CDATA[Shekhar@123]]>
              </value>
            </param>
            <param index="8">
              <value>
                <![CDATA[Vinay Pathak]]>
              </value>
            </param>
            <param index="9">
              <value>
                <![CDATA[BusinessTravel]]>
              </value>
            </param>
            <param index="10">
              <value>
                <![CDATA[Individual]]>
              </value>
            </param>
            <param index="11">
              <value>
                <![CDATA[dxb]]>
              </value>
            </param>
            <param index="12">
              <value>
                <![CDATA[Dubai, United Arab Emirates - All Airports (DXB)]]>
              </value>
            </param>
            <param index="13">
              <value>
                <![CDATA[mus]]>
              </value>
            </param>
            <param index="14">
              <value>
                <![CDATA[Muscat, Oman - Seeb (MCT)]]>
              </value>
            </param>
            <param index="15">
              <value>
                <![CDATA[28-August-2024]]>
              </value>
            </param>
            <param index="16">
              <value>
                <![CDATA[29-August-2024]]>
              </value>
            </param>
            <param index="17">
              <value>
                <![CDATA[Individual]]>
              </value>
            </param>
            <param index="18">
              <value>
                <![CDATA[1]]>
              </value>
            </param>
            <param index="19">
              <value>
                <![CDATA[30-Aug-2019]]>
              </value>
            </param>
            <param index="20">
              <value>
                <![CDATA[FOP - Cash]]>
              </value>
            </param>
            <param index="21">
              <value>
                <![CDATA[No]]>
              </value>
            </param>
            <param index="22">
              <value>
                <![CDATA[Yes]]>
              </value>
            </param>
            <param index="23">
              <value>
                <![CDATA[dxb]]>
              </value>
            </param>
            <param index="24">
              <value>
                <![CDATA[Dubai, United Arab Emirates - All Airports (DXB)]]>
              </value>
            </param>
            <param index="25">
              <value>
                <![CDATA[mus]]>
              </value>
            </param>
            <param index="26">
              <value>
                <![CDATA[Muscat, Oman - Seeb (MCT)]]>
              </value>
            </param>
            <param index="27">
              <value>
                <![CDATA[Yes]]>
              </value>
            </param>
            <param index="28">
              <value>
                <![CDATA[22-Mar-2023]]>
              </value>
            </param>
            <param index="29">
              <value>
                <![CDATA[24-Mar-2023]]>
              </value>
            </param>
            <param index="30">
              <value>
                <![CDATA[Yes]]>
              </value>
            </param>
            <param index="31">
              <value>
                <![CDATA[Individual]]>
              </value>
            </param>
            <param index="32">
              <value>
                <![CDATA[1]]>
              </value>
            </param>
            <param index="33">
              <value>
                <![CDATA[20-Aug-2018]]>
              </value>
            </param>
            <param index="34">
              <value>
                <![CDATA[Yes]]>
              </value>
            </param>
            <param index="35">
              <value>
                <![CDATA[FOP - Cash]]>
              </value>
            </param>
            <param index="36">
              <value>
                <![CDATA[3]]>
              </value>
            </param>
            <param index="37">
              <value>
                <![CDATA[Airspace Close,Business Cover,Golf Sports Cover]]>
              </value>
            </param>
            <param index="38">
              <value>
                <![CDATA[Book Now]]>
              </value>
            </param>
            <param index="39">
              <value>
                <![CDATA[Test]]>
              </value>
            </param>
            <param index="40">
              <value>
                <![CDATA[Test]]>
              </value>
            </param>
            <param index="41">
              <value>
                <![CDATA[Fulfilment]]>
              </value>
            </param>
            <param index="42">
              <value>
                <![CDATA[HOF]]>
              </value>
            </param>
            <param index="43">
              <value>
                <![CDATA[Amex Bta]]>
              </value>
            </param>
          </params>
          <reporter-output>
          </reporter-output>
        </test-method> <!-- dnataInsurance -->
        <test-method is-config="true" signature="afterMethod()[pri:0, instance:dnataForAUH.DnataInsuranceForAUH@7bd4937b]" started-at="2023-07-04T16:38:34 IST" name="afterMethod" finished-at="2023-07-04T16:38:34 IST" duration-ms="19" status="PASS">
          <reporter-output>
          </reporter-output>
        </test-method> <!-- afterMethod -->
      </class> <!-- dnataForAUH.DnataInsuranceForAUH -->
    </test> <!-- Test -->
  </suite> <!-- Suite -->
</testng-results>
